2022-04-20 00:23:05,605 [INFO] mydebugs: Log debugs
2022-04-20 00:23:05,607 [INFO] mydebugs: My debug Logger
2022-04-20 00:23:05,760 [INFO] mydebugs: My debug Logger
2022-04-20 00:23:08,315 [INFO] mydebugs: My debug Logger
2022-04-20 00:23:08,330 [INFO] mydebugs: My debug Logger
2022-04-20 00:23:10,201 [INFO] mydebugs: My debug Logger
2022-04-20 00:23:10,212 [INFO] mydebugs: My debug Logger
2022-04-20 00:24:46,507 [INFO] mydebugs: Log debugs
2022-04-20 00:24:46,508 [INFO] mydebugs: My debug Logger
2022-04-20 00:24:46,654 [INFO] mydebugs: My debug Logger
2022-04-20 00:24:46,703 [INFO] mydebugs: Log debugs
2022-04-20 00:24:46,705 [INFO] mydebugs: My debug Logger
2022-04-20 00:24:46,707 [INFO] mydebugs: My debug Logger
2022-04-20 00:24:46,709 [INFO] mydebugs: My debug Logger
2022-04-20 00:24:46,869 [INFO] mydebugs: My debug Logger
2022-04-20 00:24:46,872 [INFO] mydebugs: My debug Logger
2022-04-20 00:24:46,885 [INFO] mydebugs: My debug Logger
2022-04-20 00:24:46,987 [INFO] mydebugs: Log debugs
2022-04-20 00:24:46,988 [INFO] mydebugs: My debug Logger
2022-04-20 00:24:47,132 [INFO] mydebugs: My debug Logger
2022-04-20 00:24:47,164 [INFO] mydebugs: Log debugs
2022-04-20 00:24:47,165 [INFO] mydebugs: My debug Logger
2022-04-20 00:24:47,328 [INFO] mydebugs: My debug Logger
2022-04-20 00:24:47,359 [INFO] mydebugs: Log debugs
2022-04-20 00:24:47,360 [INFO] mydebugs: My debug Logger
2022-04-20 00:24:47,501 [INFO] mydebugs: My debug Logger
2022-04-20 00:24:47,540 [INFO] mydebugs: Log debugs
2022-04-20 00:24:47,542 [INFO] mydebugs: My debug Logger
2022-04-20 00:24:47,684 [INFO] mydebugs: My debug Logger
2022-04-20 00:24:47,718 [INFO] mydebugs: Log debugs
2022-04-20 00:24:47,719 [INFO] mydebugs: My debug Logger
2022-04-20 00:24:47,861 [INFO] mydebugs: My debug Logger
2022-04-20 00:24:47,892 [INFO] mydebugs: Log debugs
2022-04-20 00:24:47,894 [INFO] mydebugs: My debug Logger
2022-04-20 00:24:48,040 [INFO] mydebugs: My debug Logger
2022-04-20 00:24:48,080 [INFO] mydebugs: Log debugs
2022-04-20 00:24:48,081 [INFO] mydebugs: My debug Logger
2022-04-20 00:24:48,219 [INFO] mydebugs: My debug Logger
2022-04-20 00:24:48,253 [INFO] mydebugs: Log debugs
2022-04-20 00:24:48,254 [INFO] mydebugs: My debug Logger
2022-04-20 00:24:48,400 [INFO] mydebugs: My debug Logger
2022-04-20 00:47:08,438 [INFO] mydebugs: Before app first request debug logger
2022-04-20 00:47:08,439 [INFO] mydebugs: My debug Logger
2022-04-20 00:47:08,580 [INFO] mydebugs: After request debug logger
2022-04-20 00:47:08,618 [INFO] mydebugs: Before app first request debug logger
2022-04-20 00:47:08,619 [INFO] mydebugs: My debug Logger
2022-04-20 00:47:08,620 [INFO] mydebugs: After request debug logger
2022-04-20 00:47:08,623 [INFO] mydebugs: My debug Logger
2022-04-20 00:47:08,778 [INFO] mydebugs: After request debug logger
2022-04-20 00:47:08,781 [INFO] mydebugs: My debug Logger
2022-04-20 00:47:08,794 [INFO] mydebugs: After request debug logger
2022-04-20 00:47:08,909 [INFO] mydebugs: Before app first request debug logger
2022-04-20 00:47:08,910 [INFO] mydebugs: My debug Logger
2022-04-20 00:47:09,049 [INFO] mydebugs: After request debug logger
2022-04-20 00:47:09,090 [INFO] mydebugs: Before app first request debug logger
2022-04-20 00:47:09,091 [INFO] mydebugs: My debug Logger
2022-04-20 00:47:09,261 [INFO] mydebugs: After request debug logger
2022-04-20 00:47:09,309 [INFO] mydebugs: Before app first request debug logger
2022-04-20 00:47:09,310 [INFO] mydebugs: My debug Logger
2022-04-20 00:47:09,460 [INFO] mydebugs: After request debug logger
2022-04-20 00:47:09,494 [INFO] mydebugs: Before app first request debug logger
2022-04-20 00:47:09,495 [INFO] mydebugs: My debug Logger
2022-04-20 00:47:09,632 [INFO] mydebugs: After request debug logger
2022-04-20 00:47:09,669 [INFO] mydebugs: Before app first request debug logger
2022-04-20 00:47:09,670 [INFO] mydebugs: My debug Logger
2022-04-20 00:47:09,809 [INFO] mydebugs: After request debug logger
2022-04-20 00:47:09,845 [INFO] mydebugs: Before app first request debug logger
2022-04-20 00:47:09,846 [INFO] mydebugs: My debug Logger
2022-04-20 00:47:09,982 [INFO] mydebugs: After request debug logger
2022-04-20 00:47:10,013 [INFO] mydebugs: Before app first request debug logger
2022-04-20 00:47:10,014 [INFO] mydebugs: My debug Logger
2022-04-20 00:47:10,152 [INFO] mydebugs: After request debug logger
2022-04-20 00:47:10,187 [INFO] mydebugs: Before app first request debug logger
2022-04-20 00:47:10,188 [INFO] mydebugs: My debug Logger
2022-04-20 00:47:10,323 [INFO] mydebugs: After request debug logger
2022-04-20 16:28:50,944 [INFO] mydebugs: Before app first request debug logger
2022-04-20 16:28:50,945 [INFO] mydebugs: My debug Logger
2022-04-20 16:28:51,101 [INFO] mydebugs: After request debug logger
2022-04-20 16:29:02,678 [INFO] mydebugs: My debug Logger
2022-04-20 16:29:02,927 [INFO] mydebugs: After request debug logger
2022-04-20 16:29:02,935 [INFO] mydebugs: My debug Logger
2022-04-20 16:29:02,951 [INFO] mydebugs: After request debug logger
2022-04-20 16:30:50,314 [INFO] mydebugs: My debug Logger
2022-04-20 16:30:50,323 [INFO] mydebugs: After request debug logger
2022-04-20 16:31:01,639 [INFO] mydebugs: My debug Logger
2022-04-20 16:31:01,844 [INFO] mydebugs: After request debug logger
2022-04-20 16:31:01,854 [INFO] mydebugs: My debug Logger
2022-04-20 16:31:01,861 [INFO] mydebugs: After request debug logger
2022-04-20 16:35:46,808 [INFO] mydebugs: My debug Logger
2022-04-20 16:35:46,818 [INFO] mydebugs: After request debug logger
2022-04-20 16:35:50,206 [INFO] mydebugs: My debug Logger
2022-04-20 16:35:50,213 [INFO] mydebugs: After request debug logger
2022-04-20 16:35:59,538 [INFO] mydebugs: My debug Logger
2022-04-20 16:35:59,753 [INFO] mydebugs: After request debug logger
2022-04-20 16:35:59,759 [INFO] mydebugs: My debug Logger
2022-04-20 16:35:59,767 [INFO] mydebugs: After request debug logger
2022-04-21 01:45:17,518 [INFO] mydebugs: My debug Logger
2022-04-21 01:45:17,531 [INFO] mydebugs: After request debug logger
2022-04-21 01:45:33,211 [INFO] mydebugs: My debug Logger
2022-04-21 01:45:33,219 [INFO] mydebugs: After request debug logger
2022-04-21 01:45:44,383 [INFO] mydebugs: My debug Logger
2022-04-21 01:45:44,583 [INFO] mydebugs: After request debug logger
2022-04-21 01:45:44,592 [INFO] mydebugs: My debug Logger
2022-04-21 01:45:44,600 [INFO] mydebugs: After request debug logger
2022-04-21 02:06:14,249 [INFO] mydebugs: My debug Logger
2022-04-21 02:06:14,258 [INFO] mydebugs: After request debug logger
2022-04-21 02:06:15,530 [INFO] mydebugs: My debug Logger
2022-04-21 02:06:15,539 [INFO] mydebugs: After request debug logger
2022-04-21 02:06:17,275 [INFO] mydebugs: My debug Logger
2022-04-21 02:06:17,284 [INFO] mydebugs: After request debug logger
2022-04-21 02:06:37,400 [INFO] mydebugs: My debug Logger
2022-04-21 02:06:37,575 [INFO] mydebugs: After request debug logger
2022-04-21 02:06:37,584 [INFO] mydebugs: My debug Logger
2022-04-21 02:06:37,592 [INFO] mydebugs: After request debug logger
2022-04-21 02:07:04,270 [INFO] mydebugs: My debug Logger
2022-04-21 02:07:04,440 [INFO] mydebugs: After request debug logger
2022-04-21 02:07:04,448 [INFO] mydebugs: My debug Logger
2022-04-21 02:07:04,455 [INFO] mydebugs: After request debug logger
2022-04-21 02:07:15,143 [INFO] mydebugs: My debug Logger
2022-04-21 02:07:15,329 [INFO] mydebugs: After request debug logger
2022-04-21 02:07:15,337 [INFO] mydebugs: My debug Logger
2022-04-21 02:07:15,344 [INFO] mydebugs: After request debug logger
2022-04-21 02:07:18,807 [INFO] mydebugs: My debug Logger
2022-04-21 02:07:18,815 [INFO] mydebugs: After request debug logger
2022-04-21 02:07:44,369 [INFO] mydebugs: My debug Logger
2022-04-21 02:07:44,581 [INFO] mydebugs: After request debug logger
2022-04-21 02:07:44,591 [INFO] mydebugs: My debug Logger
2022-04-21 02:07:44,599 [INFO] mydebugs: After request debug logger
2022-04-21 02:08:08,127 [INFO] mydebugs: My debug Logger
2022-04-21 02:08:08,292 [INFO] mydebugs: After request debug logger
2022-04-21 02:08:08,300 [INFO] mydebugs: My debug Logger
2022-04-21 02:08:08,307 [INFO] mydebugs: After request debug logger
2022-04-21 02:08:17,215 [INFO] mydebugs: My debug Logger
2022-04-21 02:08:17,419 [INFO] mydebugs: After request debug logger
2022-04-21 02:08:17,429 [INFO] mydebugs: My debug Logger
2022-04-21 02:08:17,450 [INFO] mydebugs: After request debug logger
2022-04-21 02:08:24,473 [INFO] mydebugs: My debug Logger
2022-04-21 02:08:24,495 [INFO] mydebugs: After request debug logger
2022-04-21 02:08:27,837 [INFO] mydebugs: My debug Logger
2022-04-21 02:08:27,859 [INFO] mydebugs: After request debug logger
2022-04-21 02:08:41,154 [INFO] mydebugs: My debug Logger
2022-04-21 02:08:41,183 [INFO] mydebugs: After request debug logger
2022-04-21 02:08:41,191 [INFO] mydebugs: My debug Logger
2022-04-21 02:08:41,206 [INFO] mydebugs: After request debug logger
2022-04-21 02:08:44,929 [INFO] mydebugs: My debug Logger
2022-04-21 02:08:44,959 [INFO] mydebugs: After request debug logger
2022-04-21 02:08:46,824 [INFO] mydebugs: My debug Logger
2022-04-21 02:08:46,840 [INFO] mydebugs: After request debug logger
2022-04-21 02:08:52,467 [INFO] mydebugs: My debug Logger
2022-04-21 02:08:52,499 [INFO] mydebugs: After request debug logger
2022-04-21 02:08:52,506 [INFO] mydebugs: My debug Logger
2022-04-21 02:08:52,512 [INFO] mydebugs: After request debug logger
2022-04-21 02:08:54,474 [INFO] mydebugs: My debug Logger
2022-04-21 02:08:54,492 [INFO] mydebugs: After request debug logger
2022-04-21 02:08:55,468 [INFO] mydebugs: My debug Logger
2022-04-21 02:08:55,488 [INFO] mydebugs: After request debug logger
2022-04-21 02:08:56,565 [INFO] mydebugs: My debug Logger
2022-04-21 02:08:56,589 [INFO] mydebugs: After request debug logger
2022-04-21 02:13:56,974 [INFO] mydebugs: My debug Logger
2022-04-21 02:13:56,984 [INFO] mydebugs: After request debug logger
2022-04-21 02:14:02,913 [INFO] mydebugs: My debug Logger
2022-04-21 02:14:02,925 [INFO] mydebugs: After request debug logger
2022-04-21 02:14:04,232 [INFO] mydebugs: My debug Logger
2022-04-21 02:14:04,242 [INFO] mydebugs: After request debug logger
2022-04-21 02:14:07,639 [INFO] mydebugs: My debug Logger
2022-04-21 02:14:07,647 [INFO] mydebugs: After request debug logger
2022-04-21 02:14:18,718 [INFO] mydebugs: My debug Logger
2022-04-21 02:14:18,923 [INFO] mydebugs: After request debug logger
2022-04-21 02:14:18,932 [INFO] mydebugs: My debug Logger
2022-04-21 02:14:18,946 [INFO] mydebugs: After request debug logger
2022-04-21 02:14:28,863 [INFO] mydebugs: My debug Logger
2022-04-21 02:14:28,881 [INFO] mydebugs: After request debug logger
2022-04-21 02:29:12,345 [INFO] mydebugs: My debug Logger
2022-04-21 02:29:12,366 [INFO] mydebugs: After request debug logger
2022-04-21 02:29:13,631 [INFO] mydebugs: My debug Logger
2022-04-21 02:29:13,650 [INFO] mydebugs: After request debug logger
2022-04-21 02:29:14,848 [INFO] mydebugs: My debug Logger
2022-04-21 02:29:14,874 [INFO] mydebugs: After request debug logger
2022-04-21 02:29:17,217 [INFO] mydebugs: My debug Logger
2022-04-21 02:29:17,235 [INFO] mydebugs: After request debug logger
2022-04-21 02:29:19,263 [INFO] mydebugs: My debug Logger
2022-04-21 02:29:19,297 [INFO] mydebugs: After request debug logger
2022-04-21 02:29:19,306 [INFO] mydebugs: My debug Logger
2022-04-21 02:29:19,314 [INFO] mydebugs: After request debug logger
2022-04-21 02:29:27,055 [INFO] mydebugs: My debug Logger
2022-04-21 02:29:27,257 [INFO] mydebugs: After request debug logger
2022-04-21 02:29:27,267 [INFO] mydebugs: My debug Logger
2022-04-21 02:29:27,282 [INFO] mydebugs: After request debug logger
2022-04-21 02:29:33,767 [INFO] mydebugs: My debug Logger
2022-04-21 02:29:33,783 [INFO] mydebugs: After request debug logger
2022-04-21 02:29:38,066 [INFO] mydebugs: My debug Logger
2022-04-21 02:29:38,083 [INFO] mydebugs: After request debug logger
2022-04-21 02:29:38,962 [INFO] mydebugs: My debug Logger
2022-04-21 02:29:38,976 [INFO] mydebugs: After request debug logger
2022-04-21 02:29:39,202 [INFO] mydebugs: My debug Logger
2022-04-21 02:29:39,217 [INFO] mydebugs: After request debug logger
2022-04-21 02:29:39,420 [INFO] mydebugs: My debug Logger
2022-04-21 02:29:39,437 [INFO] mydebugs: After request debug logger
2022-04-21 02:29:45,770 [INFO] mydebugs: My debug Logger
2022-04-21 02:29:45,803 [INFO] mydebugs: After request debug logger
2022-04-21 02:29:45,810 [INFO] mydebugs: My debug Logger
2022-04-21 02:29:45,818 [INFO] mydebugs: After request debug logger
2022-04-21 02:29:54,442 [INFO] mydebugs: My debug Logger
2022-04-21 02:29:54,608 [INFO] mydebugs: After request debug logger
2022-04-21 02:29:54,618 [INFO] mydebugs: My debug Logger
2022-04-21 02:29:54,624 [INFO] mydebugs: After request debug logger
2022-04-21 02:30:04,611 [INFO] mydebugs: My debug Logger
2022-04-21 02:30:04,806 [INFO] mydebugs: After request debug logger
2022-04-21 02:30:04,814 [INFO] mydebugs: My debug Logger
2022-04-21 02:30:04,821 [INFO] mydebugs: After request debug logger
2022-04-21 02:30:14,852 [INFO] mydebugs: My debug Logger
2022-04-21 02:30:15,022 [INFO] mydebugs: After request debug logger
2022-04-21 02:30:15,031 [INFO] mydebugs: My debug Logger
2022-04-21 02:30:15,038 [INFO] mydebugs: After request debug logger
2022-04-21 02:30:25,530 [INFO] mydebugs: My debug Logger
2022-04-21 02:30:25,698 [INFO] mydebugs: After request debug logger
2022-04-21 02:30:25,706 [INFO] mydebugs: My debug Logger
2022-04-21 02:30:25,714 [INFO] mydebugs: After request debug logger
2022-04-21 02:30:35,155 [INFO] mydebugs: My debug Logger
2022-04-21 02:30:35,323 [INFO] mydebugs: After request debug logger
2022-04-21 02:30:35,334 [INFO] mydebugs: My debug Logger
2022-04-21 02:30:35,341 [INFO] mydebugs: After request debug logger
2022-04-21 02:31:42,359 [INFO] mydebugs: My debug Logger
2022-04-21 02:31:42,556 [INFO] mydebugs: After request debug logger
2022-04-21 02:31:42,567 [INFO] mydebugs: My debug Logger
2022-04-21 02:31:42,583 [INFO] mydebugs: After request debug logger
2022-04-21 02:31:48,584 [INFO] mydebugs: My debug Logger
2022-04-21 02:31:48,612 [INFO] mydebugs: After request debug logger
2022-04-21 02:31:49,498 [INFO] mydebugs: My debug Logger
2022-04-21 02:31:49,512 [INFO] mydebugs: After request debug logger
2022-04-21 02:31:50,894 [INFO] mydebugs: My debug Logger
2022-04-21 02:31:50,911 [INFO] mydebugs: After request debug logger
2022-04-21 02:31:51,562 [INFO] mydebugs: My debug Logger
2022-04-21 02:31:51,576 [INFO] mydebugs: After request debug logger
2022-04-21 02:31:51,742 [INFO] mydebugs: My debug Logger
2022-04-21 02:31:51,759 [INFO] mydebugs: After request debug logger
2022-04-21 02:31:56,064 [INFO] mydebugs: My debug Logger
2022-04-21 02:31:56,083 [INFO] mydebugs: After request debug logger
2022-04-21 02:31:58,495 [INFO] mydebugs: My debug Logger
2022-04-21 02:31:58,510 [INFO] mydebugs: After request debug logger
2022-04-21 02:40:37,272 [INFO] mydebugs: My debug Logger
2022-04-21 02:40:37,298 [INFO] mydebugs: After request debug logger
2022-04-21 02:40:39,301 [INFO] mydebugs: My debug Logger
2022-04-21 02:40:39,317 [INFO] mydebugs: After request debug logger
2022-04-21 02:41:01,879 [INFO] mydebugs: My debug Logger
2022-04-21 02:41:02,095 [INFO] mydebugs: After request debug logger
2022-04-21 02:41:02,103 [INFO] mydebugs: My debug Logger
2022-04-21 02:41:02,118 [INFO] mydebugs: After request debug logger
2022-04-21 02:41:12,894 [INFO] mydebugs: My debug Logger
2022-04-21 02:41:13,095 [INFO] mydebugs: After request debug logger
2022-04-21 02:41:13,104 [INFO] mydebugs: My debug Logger
2022-04-21 02:41:13,118 [INFO] mydebugs: After request debug logger
2022-04-21 02:41:19,006 [INFO] mydebugs: My debug Logger
2022-04-21 02:41:19,110 [INFO] mydebugs: After request debug logger
2022-04-21 02:41:19,134 [INFO] mydebugs: My debug Logger
2022-04-21 02:41:19,461 [INFO] mydebugs: My debug Logger
2022-04-21 02:41:19,480 [INFO] mydebugs: After request debug logger
2022-04-21 02:41:19,500 [INFO] mydebugs: My debug Logger
2022-04-21 02:41:48,246 [INFO] mydebugs: My debug Logger
2022-04-21 02:41:48,275 [INFO] mydebugs: After request debug logger
2022-04-21 02:41:53,621 [INFO] mydebugs: My debug Logger
2022-04-21 02:41:53,644 [INFO] mydebugs: After request debug logger
2022-04-21 02:41:53,672 [INFO] mydebugs: My debug Logger
2022-04-21 02:41:57,443 [INFO] mydebugs: My debug Logger
2022-04-21 02:41:57,466 [INFO] mydebugs: After request debug logger
2022-04-21 02:42:09,681 [INFO] mydebugs: My debug Logger
2022-04-21 02:42:09,708 [INFO] mydebugs: After request debug logger
2022-04-21 02:42:09,721 [INFO] mydebugs: My debug Logger
2022-04-21 02:42:09,737 [INFO] mydebugs: After request debug logger
2022-04-21 02:42:09,767 [INFO] mydebugs: My debug Logger
2022-04-21 02:42:17,597 [INFO] mydebugs: My debug Logger
2022-04-21 02:42:17,618 [INFO] mydebugs: After request debug logger
2022-04-21 02:42:22,077 [INFO] mydebugs: My debug Logger
2022-04-21 02:42:22,093 [INFO] mydebugs: After request debug logger
2022-04-21 02:42:26,341 [INFO] mydebugs: My debug Logger
2022-04-21 02:42:26,370 [INFO] mydebugs: After request debug logger
2022-04-21 02:42:26,379 [INFO] mydebugs: My debug Logger
2022-04-21 02:42:26,387 [INFO] mydebugs: After request debug logger
2022-04-21 02:42:39,839 [INFO] mydebugs: My debug Logger
2022-04-21 02:42:39,851 [INFO] mydebugs: After request debug logger
2022-04-21 02:42:39,863 [INFO] mydebugs: My debug Logger
2022-04-21 02:42:39,871 [INFO] mydebugs: After request debug logger
2022-04-21 02:42:42,721 [INFO] mydebugs: My debug Logger
2022-04-21 02:42:42,729 [INFO] mydebugs: After request debug logger
2022-04-21 02:42:54,809 [INFO] mydebugs: My debug Logger
2022-04-21 02:42:55,020 [INFO] mydebugs: After request debug logger
2022-04-21 02:42:55,029 [INFO] mydebugs: My debug Logger
2022-04-21 02:42:55,035 [INFO] mydebugs: After request debug logger
2022-04-21 02:43:11,786 [INFO] mydebugs: My debug Logger
2022-04-21 02:43:11,982 [INFO] mydebugs: After request debug logger
2022-04-21 02:43:11,990 [INFO] mydebugs: My debug Logger
2022-04-21 02:43:12,003 [INFO] mydebugs: After request debug logger
2022-04-21 02:43:15,121 [INFO] mydebugs: My debug Logger
2022-04-21 02:43:15,143 [INFO] mydebugs: After request debug logger
2022-04-21 02:43:15,169 [INFO] mydebugs: My debug Logger
2022-04-21 02:43:52,579 [INFO] mydebugs: My debug Logger
2022-04-21 02:43:52,612 [INFO] mydebugs: After request debug logger
2022-04-21 02:47:15,929 [INFO] mydebugs: My debug Logger
2022-04-21 02:47:15,969 [INFO] mydebugs: After request debug logger
2022-04-21 02:47:16,062 [INFO] mydebugs: My debug Logger
2022-04-21 02:47:23,797 [INFO] mydebugs: My debug Logger
2022-04-21 02:47:23,813 [INFO] mydebugs: After request debug logger
2022-04-21 02:47:24,992 [INFO] mydebugs: My debug Logger
2022-04-21 02:47:25,012 [INFO] mydebugs: After request debug logger
2022-04-21 02:47:25,052 [INFO] mydebugs: My debug Logger
2022-04-21 02:47:26,274 [INFO] mydebugs: My debug Logger
2022-04-21 02:47:26,287 [INFO] mydebugs: After request debug logger
2022-04-21 02:47:26,964 [INFO] mydebugs: My debug Logger
2022-04-21 02:47:26,983 [INFO] mydebugs: After request debug logger
2022-04-21 02:49:05,842 [INFO] mydebugs: My debug Logger
2022-04-21 02:49:05,880 [INFO] mydebugs: After request debug logger
2022-04-21 02:49:05,899 [INFO] mydebugs: My debug Logger
2022-04-21 02:49:09,744 [INFO] mydebugs: My debug Logger
2022-04-21 02:49:09,764 [INFO] mydebugs: After request debug logger
2022-04-21 02:49:09,787 [INFO] mydebugs: My debug Logger
2022-04-21 02:49:10,836 [INFO] mydebugs: My debug Logger
2022-04-21 02:49:10,853 [INFO] mydebugs: After request debug logger
2022-04-21 02:49:10,885 [INFO] mydebugs: My debug Logger
2022-04-21 02:49:11,878 [INFO] mydebugs: My debug Logger
2022-04-21 02:49:11,899 [INFO] mydebugs: After request debug logger
2022-04-21 02:49:11,922 [INFO] mydebugs: My debug Logger
2022-04-21 02:49:11,943 [INFO] mydebugs: My debug Logger
2022-04-21 02:49:54,884 [INFO] mydebugs: My debug Logger
2022-04-21 02:49:54,908 [INFO] mydebugs: After request debug logger
2022-04-21 02:49:54,925 [INFO] mydebugs: My debug Logger
2022-04-21 02:49:54,946 [INFO] mydebugs: My debug Logger
2022-04-21 02:49:55,889 [INFO] mydebugs: My debug Logger
2022-04-21 02:49:55,909 [INFO] mydebugs: After request debug logger
2022-04-21 02:49:55,927 [INFO] mydebugs: My debug Logger
2022-04-21 02:49:55,946 [INFO] mydebugs: My debug Logger
2022-04-21 02:49:56,118 [INFO] mydebugs: My debug Logger
2022-04-21 02:49:56,137 [INFO] mydebugs: After request debug logger
2022-04-21 02:49:56,154 [INFO] mydebugs: My debug Logger
2022-04-21 02:49:56,174 [INFO] mydebugs: My debug Logger
2022-04-21 02:49:56,444 [INFO] mydebugs: My debug Logger
2022-04-21 02:49:56,466 [INFO] mydebugs: After request debug logger
2022-04-21 02:49:56,485 [INFO] mydebugs: My debug Logger
2022-04-21 02:49:56,509 [INFO] mydebugs: My debug Logger
2022-04-21 02:50:32,426 [INFO] mydebugs: My debug Logger
2022-04-21 02:50:32,460 [INFO] mydebugs: After request debug logger
2022-04-21 02:50:32,478 [INFO] mydebugs: My debug Logger
2022-04-21 02:50:32,504 [INFO] mydebugs: My debug Logger
2022-04-21 02:50:49,244 [INFO] mydebugs: My debug Logger
2022-04-21 02:50:49,262 [INFO] mydebugs: After request debug logger
2022-04-21 02:50:49,292 [INFO] mydebugs: My debug Logger
2022-04-21 02:50:50,693 [INFO] mydebugs: My debug Logger
2022-04-21 02:50:50,716 [INFO] mydebugs: After request debug logger
2022-04-21 02:50:50,740 [INFO] mydebugs: My debug Logger
2022-04-21 02:50:53,303 [INFO] mydebugs: My debug Logger
2022-04-21 02:50:53,318 [INFO] mydebugs: After request debug logger
2022-04-21 02:50:53,340 [INFO] mydebugs: My debug Logger
2022-04-21 02:50:54,640 [INFO] mydebugs: My debug Logger
2022-04-21 02:50:54,654 [INFO] mydebugs: After request debug logger
2022-04-21 02:50:54,673 [INFO] mydebugs: My debug Logger
2022-04-21 02:50:55,773 [INFO] mydebugs: My debug Logger
2022-04-21 02:50:55,787 [INFO] mydebugs: After request debug logger
2022-04-21 02:50:55,810 [INFO] mydebugs: My debug Logger
2022-04-21 02:50:57,349 [INFO] mydebugs: My debug Logger
2022-04-21 02:50:57,365 [INFO] mydebugs: After request debug logger
2022-04-21 02:50:57,383 [INFO] mydebugs: My debug Logger
2022-04-21 02:51:18,916 [INFO] mydebugs: My debug Logger
2022-04-21 02:51:18,950 [INFO] mydebugs: After request debug logger
2022-04-21 02:51:18,978 [INFO] mydebugs: My debug Logger
2022-04-21 02:51:20,128 [INFO] mydebugs: My debug Logger
2022-04-21 02:51:20,146 [INFO] mydebugs: After request debug logger
2022-04-21 02:51:20,173 [INFO] mydebugs: My debug Logger
2022-04-21 02:51:21,542 [INFO] mydebugs: My debug Logger
2022-04-21 02:51:21,560 [INFO] mydebugs: After request debug logger
2022-04-21 02:51:21,583 [INFO] mydebugs: My debug Logger
2022-04-21 02:51:23,059 [INFO] mydebugs: My debug Logger
2022-04-21 02:51:23,080 [INFO] mydebugs: After request debug logger
2022-04-21 02:51:23,104 [INFO] mydebugs: My debug Logger
2022-04-21 02:51:23,124 [INFO] mydebugs: My debug Logger
2022-04-21 02:51:24,374 [INFO] mydebugs: My debug Logger
2022-04-21 02:51:24,396 [INFO] mydebugs: After request debug logger
2022-04-21 02:51:24,422 [INFO] mydebugs: My debug Logger
2022-04-21 02:51:25,072 [INFO] mydebugs: My debug Logger
2022-04-21 02:51:25,090 [INFO] mydebugs: After request debug logger
2022-04-21 02:51:25,115 [INFO] mydebugs: My debug Logger
2022-04-21 02:52:43,460 [INFO] mydebugs: My debug Logger
2022-04-21 02:52:43,487 [INFO] mydebugs: After request debug logger
2022-04-21 02:52:43,514 [INFO] mydebugs: My debug Logger
2022-04-21 02:52:43,535 [INFO] mydebugs: My debug Logger
2022-04-21 02:52:44,763 [INFO] mydebugs: My debug Logger
2022-04-21 02:52:44,778 [INFO] mydebugs: After request debug logger
2022-04-21 02:52:44,801 [INFO] mydebugs: My debug Logger
2022-04-21 02:52:47,049 [INFO] mydebugs: My debug Logger
2022-04-21 02:52:47,067 [INFO] mydebugs: After request debug logger
2022-04-21 02:52:47,092 [INFO] mydebugs: My debug Logger
2022-04-21 02:53:54,701 [INFO] mydebugs: My debug Logger
2022-04-21 02:53:54,724 [INFO] mydebugs: After request debug logger
2022-04-21 02:53:54,751 [INFO] mydebugs: My debug Logger
2022-04-21 02:53:57,662 [INFO] mydebugs: My debug Logger
2022-04-21 02:53:57,682 [INFO] mydebugs: After request debug logger
2022-04-21 02:53:57,704 [INFO] mydebugs: My debug Logger
2022-04-21 02:54:08,100 [INFO] mydebugs: My debug Logger
2022-04-21 02:54:08,116 [INFO] mydebugs: After request debug logger
2022-04-21 02:54:08,145 [INFO] mydebugs: My debug Logger
2022-04-21 02:54:11,008 [INFO] mydebugs: My debug Logger
2022-04-21 02:54:11,023 [INFO] mydebugs: After request debug logger
2022-04-21 02:54:11,045 [INFO] mydebugs: My debug Logger
2022-04-21 02:54:11,962 [INFO] mydebugs: My debug Logger
2022-04-21 02:54:11,988 [INFO] mydebugs: After request debug logger
2022-04-21 02:54:12,020 [INFO] mydebugs: My debug Logger
2022-04-21 02:54:12,041 [INFO] mydebugs: My debug Logger
2022-04-21 02:54:16,364 [INFO] mydebugs: My debug Logger
2022-04-21 02:54:16,383 [INFO] mydebugs: After request debug logger
2022-04-21 02:54:16,407 [INFO] mydebugs: My debug Logger
2022-04-21 02:54:17,729 [INFO] mydebugs: My debug Logger
2022-04-21 02:54:17,744 [INFO] mydebugs: After request debug logger
2022-04-21 02:54:17,765 [INFO] mydebugs: My debug Logger
2022-04-21 02:54:49,000 [INFO] mydebugs: My debug Logger
2022-04-21 02:54:49,021 [INFO] mydebugs: After request debug logger
2022-04-21 02:54:49,040 [INFO] mydebugs: My debug Logger
2022-04-21 02:54:49,942 [INFO] mydebugs: My debug Logger
2022-04-21 02:54:49,956 [INFO] mydebugs: After request debug logger
2022-04-21 02:54:49,976 [INFO] mydebugs: My debug Logger
2022-04-21 02:54:51,115 [INFO] mydebugs: My debug Logger
2022-04-21 02:54:51,130 [INFO] mydebugs: After request debug logger
2022-04-21 02:54:51,152 [INFO] mydebugs: My debug Logger
2022-04-21 02:54:51,838 [INFO] mydebugs: My debug Logger
2022-04-21 02:54:51,856 [INFO] mydebugs: After request debug logger
2022-04-21 02:54:51,885 [INFO] mydebugs: My debug Logger
2022-04-21 02:54:51,902 [INFO] mydebugs: My debug Logger
2022-04-21 02:55:38,290 [INFO] mydebugs: My debug Logger
2022-04-21 02:55:38,316 [INFO] mydebugs: After request debug logger
2022-04-21 02:55:38,334 [INFO] mydebugs: My debug Logger
2022-04-21 02:55:38,357 [INFO] mydebugs: My debug Logger
2022-04-21 02:55:39,539 [INFO] mydebugs: My debug Logger
2022-04-21 02:55:39,559 [INFO] mydebugs: After request debug logger
2022-04-21 02:55:39,577 [INFO] mydebugs: My debug Logger
2022-04-21 02:55:39,598 [INFO] mydebugs: My debug Logger
2022-04-21 02:55:40,134 [INFO] mydebugs: My debug Logger
2022-04-21 02:55:40,152 [INFO] mydebugs: After request debug logger
2022-04-21 02:55:40,179 [INFO] mydebugs: My debug Logger
2022-04-21 02:55:40,199 [INFO] mydebugs: My debug Logger
2022-04-21 02:55:40,462 [INFO] mydebugs: My debug Logger
2022-04-21 02:55:40,482 [INFO] mydebugs: After request debug logger
2022-04-21 02:55:40,500 [INFO] mydebugs: My debug Logger
2022-04-21 02:55:40,520 [INFO] mydebugs: My debug Logger
2022-04-21 02:55:41,853 [INFO] mydebugs: My debug Logger
2022-04-21 02:55:41,869 [INFO] mydebugs: After request debug logger
2022-04-21 02:55:41,899 [INFO] mydebugs: My debug Logger
2022-04-21 02:55:42,845 [INFO] mydebugs: My debug Logger
2022-04-21 02:55:42,860 [INFO] mydebugs: After request debug logger
2022-04-21 02:55:42,886 [INFO] mydebugs: My debug Logger
2022-04-21 02:56:09,676 [INFO] mydebugs: My debug Logger
2022-04-21 02:56:09,690 [INFO] mydebugs: After request debug logger
2022-04-21 02:56:09,709 [INFO] mydebugs: My debug Logger
2022-04-21 02:56:10,821 [INFO] mydebugs: My debug Logger
2022-04-21 02:56:10,836 [INFO] mydebugs: After request debug logger
2022-04-21 02:56:10,856 [INFO] mydebugs: My debug Logger
2022-04-21 02:56:11,240 [INFO] mydebugs: My debug Logger
2022-04-21 02:56:11,256 [INFO] mydebugs: After request debug logger
2022-04-21 02:56:11,275 [INFO] mydebugs: My debug Logger
2022-04-21 02:56:13,132 [INFO] mydebugs: My debug Logger
2022-04-21 02:56:13,149 [INFO] mydebugs: After request debug logger
2022-04-21 02:56:13,165 [INFO] mydebugs: My debug Logger
2022-04-21 02:56:13,742 [INFO] mydebugs: My debug Logger
2022-04-21 02:56:13,761 [INFO] mydebugs: After request debug logger
2022-04-21 02:56:13,783 [INFO] mydebugs: My debug Logger
2022-04-21 02:56:13,800 [INFO] mydebugs: My debug Logger
2022-04-21 19:49:52,314 [INFO] mydebugs: My debug Logger
2022-04-21 19:49:52,336 [INFO] mydebugs: After request debug logger
2022-04-21 19:49:52,370 [INFO] mydebugs: My debug Logger
2022-04-21 19:49:57,412 [INFO] mydebugs: My debug Logger
2022-04-21 19:49:57,435 [INFO] mydebugs: After request debug logger
2022-04-21 19:49:57,456 [INFO] mydebugs: My debug Logger
2022-04-21 19:49:58,273 [INFO] mydebugs: My debug Logger
2022-04-21 19:49:58,293 [INFO] mydebugs: After request debug logger
2022-04-21 19:49:58,321 [INFO] mydebugs: My debug Logger
2022-04-22 20:18:54,083 [INFO] mydebugs: Before app first request debug logger
2022-04-22 20:18:54,086 [INFO] mydebugs: My debug Logger
2022-04-22 20:18:54,241 [INFO] mydebugs: After request debug logger
2022-04-22 20:18:54,300 [INFO] mydebugs: My debug Logger
2022-04-22 20:18:56,274 [INFO] mydebugs: My debug Logger
2022-04-22 20:18:56,293 [INFO] mydebugs: After request debug logger
2022-04-22 20:18:56,318 [INFO] mydebugs: My debug Logger
2022-04-22 20:18:57,803 [INFO] mydebugs: My debug Logger
2022-04-22 20:18:57,819 [INFO] mydebugs: After request debug logger
2022-04-22 20:18:57,842 [INFO] mydebugs: My debug Logger
2022-04-22 20:18:59,114 [INFO] mydebugs: My debug Logger
2022-04-22 20:18:59,124 [INFO] mydebugs: After request debug logger
2022-04-22 20:18:59,150 [INFO] mydebugs: My debug Logger
2022-04-22 20:19:01,062 [INFO] mydebugs: My debug Logger
2022-04-22 20:19:01,069 [INFO] mydebugs: After request debug logger
2022-04-22 20:19:01,086 [INFO] mydebugs: My debug Logger
2022-04-22 20:19:03,285 [INFO] mydebugs: My debug Logger
2022-04-22 20:19:03,294 [INFO] mydebugs: After request debug logger
2022-04-22 20:19:03,311 [INFO] mydebugs: My debug Logger
2022-04-22 20:19:04,094 [INFO] mydebugs: My debug Logger
2022-04-22 20:19:04,103 [INFO] mydebugs: After request debug logger
2022-04-22 20:19:04,126 [INFO] mydebugs: My debug Logger
2022-04-22 20:19:05,356 [INFO] mydebugs: My debug Logger
2022-04-22 20:19:05,363 [INFO] mydebugs: After request debug logger
2022-04-22 20:19:05,385 [INFO] mydebugs: My debug Logger
2022-04-22 20:19:08,733 [INFO] mydebugs: My debug Logger
2022-04-22 20:19:08,752 [INFO] mydebugs: After request debug logger
2022-04-22 20:19:08,776 [INFO] mydebugs: My debug Logger
2022-04-22 20:19:14,834 [INFO] mydebugs: My debug Logger
2022-04-22 20:19:14,851 [INFO] mydebugs: After request debug logger
2022-04-22 20:19:14,879 [INFO] mydebugs: My debug Logger
2022-04-22 20:19:16,010 [INFO] mydebugs: My debug Logger
2022-04-22 20:19:16,017 [INFO] mydebugs: After request debug logger
2022-04-22 20:19:16,043 [INFO] mydebugs: My debug Logger
2022-04-22 20:19:33,705 [INFO] mydebugs: My debug Logger
2022-04-22 20:19:33,938 [INFO] mydebugs: After request debug logger
2022-04-22 20:19:33,948 [INFO] mydebugs: My debug Logger
2022-04-22 20:19:33,954 [INFO] mydebugs: After request debug logger
2022-04-22 20:19:34,002 [INFO] mydebugs: My debug Logger
2022-04-22 20:19:52,838 [INFO] mydebugs: My debug Logger
2022-04-22 20:19:53,036 [INFO] mydebugs: After request debug logger
2022-04-22 20:19:53,045 [INFO] mydebugs: My debug Logger
2022-04-22 20:19:53,068 [INFO] mydebugs: After request debug logger
2022-04-22 20:19:53,118 [INFO] mydebugs: My debug Logger
2022-04-22 20:20:00,586 [INFO] mydebugs: My debug Logger
2022-04-22 20:20:00,604 [INFO] mydebugs: After request debug logger
2022-04-22 20:20:00,628 [INFO] mydebugs: My debug Logger
2022-04-22 20:20:01,484 [INFO] mydebugs: My debug Logger
2022-04-22 20:20:01,501 [INFO] mydebugs: After request debug logger
2022-04-22 20:20:01,530 [INFO] mydebugs: My debug Logger
2022-04-22 20:20:05,739 [INFO] mydebugs: My debug Logger
2022-04-22 20:20:05,769 [INFO] mydebugs: After request debug logger
2022-04-22 20:20:05,793 [INFO] mydebugs: My debug Logger
2022-04-22 20:20:08,825 [INFO] mydebugs: My debug Logger
2022-04-22 20:20:08,854 [INFO] mydebugs: After request debug logger
2022-04-22 20:20:08,878 [INFO] mydebugs: My debug Logger
2022-04-22 20:20:12,856 [INFO] mydebugs: My debug Logger
2022-04-22 20:20:12,871 [INFO] mydebugs: After request debug logger
2022-04-22 20:20:12,896 [INFO] mydebugs: My debug Logger
2022-04-22 20:20:14,205 [INFO] mydebugs: My debug Logger
2022-04-22 20:20:14,220 [INFO] mydebugs: After request debug logger
2022-04-22 20:20:14,246 [INFO] mydebugs: My debug Logger
2022-04-22 20:20:15,082 [INFO] mydebugs: My debug Logger
2022-04-22 20:20:15,096 [INFO] mydebugs: After request debug logger
2022-04-22 20:20:15,120 [INFO] mydebugs: My debug Logger
2022-04-22 20:20:17,173 [INFO] mydebugs: My debug Logger
2022-04-22 20:20:17,190 [INFO] mydebugs: After request debug logger
2022-04-22 20:20:17,217 [INFO] mydebugs: My debug Logger
2022-04-22 20:23:17,670 [INFO] mydebugs: My debug Logger
2022-04-22 20:23:17,699 [INFO] mydebugs: After request debug logger
2022-04-22 20:23:17,708 [INFO] mydebugs: My debug Logger
2022-04-22 20:23:17,715 [INFO] mydebugs: After request debug logger
2022-04-22 20:23:17,738 [INFO] mydebugs: My debug Logger
2022-04-22 20:23:32,432 [INFO] mydebugs: My debug Logger
2022-04-22 20:23:32,601 [INFO] mydebugs: After request debug logger
2022-04-22 20:23:32,611 [INFO] mydebugs: My debug Logger
2022-04-22 20:23:32,618 [INFO] mydebugs: After request debug logger
2022-04-22 20:23:32,638 [INFO] mydebugs: My debug Logger
2022-04-22 20:23:43,083 [INFO] mydebugs: My debug Logger
2022-04-22 20:23:43,252 [INFO] mydebugs: After request debug logger
2022-04-22 20:23:43,261 [INFO] mydebugs: My debug Logger
2022-04-22 20:23:43,267 [INFO] mydebugs: After request debug logger
2022-04-22 20:23:43,289 [INFO] mydebugs: My debug Logger
2022-04-22 20:23:58,064 [INFO] mydebugs: My debug Logger
2022-04-22 20:23:58,233 [INFO] mydebugs: After request debug logger
2022-04-22 20:23:58,243 [INFO] mydebugs: My debug Logger
2022-04-22 20:23:58,251 [INFO] mydebugs: After request debug logger
2022-04-22 20:23:58,271 [INFO] mydebugs: My debug Logger
2022-04-22 20:26:45,773 [INFO] mydebugs: My debug Logger
2022-04-22 20:26:45,781 [INFO] mydebugs: After request debug logger
2022-04-22 20:26:45,805 [INFO] mydebugs: My debug Logger
2022-04-22 20:26:50,730 [INFO] mydebugs: My debug Logger
2022-04-22 20:26:50,739 [INFO] mydebugs: After request debug logger
2022-04-22 20:26:50,764 [INFO] mydebugs: My debug Logger
2022-04-22 20:26:52,333 [INFO] mydebugs: My debug Logger
2022-04-22 20:26:52,340 [INFO] mydebugs: After request debug logger
2022-04-22 20:26:52,363 [INFO] mydebugs: My debug Logger
2022-04-22 20:27:07,538 [INFO] mydebugs: My debug Logger
2022-04-22 20:27:07,790 [INFO] mydebugs: After request debug logger
2022-04-22 20:27:07,798 [INFO] mydebugs: My debug Logger
2022-04-22 20:27:07,805 [INFO] mydebugs: After request debug logger
2022-04-22 20:27:07,835 [INFO] mydebugs: My debug Logger
2022-04-22 20:27:18,055 [INFO] mydebugs: My debug Logger
2022-04-22 20:27:18,250 [INFO] mydebugs: After request debug logger
2022-04-22 20:27:18,259 [INFO] mydebugs: My debug Logger
2022-04-22 20:27:18,272 [INFO] mydebugs: After request debug logger
2022-04-22 20:27:18,323 [INFO] mydebugs: My debug Logger
2022-04-22 20:27:21,709 [INFO] mydebugs: My debug Logger
2022-04-22 20:27:21,801 [INFO] mydebugs: After request debug logger
2022-04-22 20:27:21,824 [INFO] mydebugs: My debug Logger
2022-04-22 20:27:21,842 [INFO] mydebugs: My debug Logger
2022-04-22 20:27:28,549 [INFO] mydebugs: My debug Logger
2022-04-22 20:27:28,576 [INFO] mydebugs: After request debug logger
2022-04-22 20:27:28,602 [INFO] mydebugs: My debug Logger
2022-04-22 20:27:39,555 [INFO] mydebugs: My debug Logger
2022-04-22 20:27:39,587 [INFO] mydebugs: After request debug logger
2022-04-22 20:27:39,596 [INFO] mydebugs: My debug Logger
2022-04-22 20:27:39,605 [INFO] mydebugs: After request debug logger
2022-04-22 20:27:39,625 [INFO] mydebugs: My debug Logger
2022-04-22 20:27:47,177 [INFO] mydebugs: My debug Logger
2022-04-22 20:27:47,189 [INFO] mydebugs: After request debug logger
2022-04-22 20:27:47,199 [INFO] mydebugs: My debug Logger
2022-04-22 20:27:47,208 [INFO] mydebugs: After request debug logger
2022-04-22 20:27:47,249 [INFO] mydebugs: My debug Logger
2022-04-22 20:27:55,060 [INFO] mydebugs: My debug Logger
2022-04-22 20:27:55,071 [INFO] mydebugs: After request debug logger
2022-04-22 20:27:55,079 [INFO] mydebugs: My debug Logger
2022-04-22 20:27:55,087 [INFO] mydebugs: After request debug logger
2022-04-22 20:27:55,104 [INFO] mydebugs: My debug Logger
2022-04-22 20:27:59,475 [INFO] mydebugs: My debug Logger
2022-04-22 20:27:59,485 [INFO] mydebugs: After request debug logger
2022-04-22 20:27:59,510 [INFO] mydebugs: My debug Logger
2022-04-22 20:28:08,872 [INFO] mydebugs: My debug Logger
2022-04-22 20:28:09,080 [INFO] mydebugs: After request debug logger
2022-04-22 20:28:09,089 [INFO] mydebugs: My debug Logger
2022-04-22 20:28:09,095 [INFO] mydebugs: After request debug logger
2022-04-22 20:28:09,130 [INFO] mydebugs: My debug Logger
2022-04-22 20:28:20,386 [INFO] mydebugs: My debug Logger
2022-04-22 20:28:20,582 [INFO] mydebugs: After request debug logger
2022-04-22 20:28:20,591 [INFO] mydebugs: My debug Logger
2022-04-22 20:28:20,606 [INFO] mydebugs: After request debug logger
2022-04-22 20:28:20,655 [INFO] mydebugs: My debug Logger
2022-04-22 20:28:27,944 [INFO] mydebugs: My debug Logger
2022-04-22 20:28:27,973 [INFO] mydebugs: After request debug logger
2022-04-22 20:28:27,980 [INFO] mydebugs: My debug Logger
2022-04-22 20:28:27,987 [INFO] mydebugs: After request debug logger
2022-04-22 20:28:28,006 [INFO] mydebugs: My debug Logger
2022-04-22 20:28:35,014 [INFO] mydebugs: My debug Logger
2022-04-22 20:28:35,215 [INFO] mydebugs: After request debug logger
2022-04-22 20:28:35,224 [INFO] mydebugs: My debug Logger
2022-04-22 20:28:35,241 [INFO] mydebugs: After request debug logger
2022-04-22 20:28:35,278 [INFO] mydebugs: My debug Logger
2022-04-22 20:28:39,139 [INFO] mydebugs: My debug Logger
2022-04-22 20:28:39,158 [INFO] mydebugs: After request debug logger
2022-04-22 20:28:39,180 [INFO] mydebugs: My debug Logger
2022-04-22 20:28:39,200 [INFO] mydebugs: My debug Logger
2022-04-22 20:28:45,741 [INFO] mydebugs: My debug Logger
2022-04-22 20:28:45,759 [INFO] mydebugs: After request debug logger
2022-04-22 20:28:45,791 [INFO] mydebugs: My debug Logger
2022-04-22 20:28:59,304 [INFO] mydebugs: My debug Logger
2022-04-22 20:28:59,344 [INFO] mydebugs: After request debug logger
2022-04-22 20:28:59,352 [INFO] mydebugs: My debug Logger
2022-04-22 20:28:59,360 [INFO] mydebugs: After request debug logger
2022-04-22 20:28:59,383 [INFO] mydebugs: My debug Logger
2022-04-22 20:30:59,088 [INFO] mydebugs: My debug Logger
2022-04-22 20:30:59,096 [INFO] mydebugs: After request debug logger
2022-04-22 20:30:59,124 [INFO] mydebugs: My debug Logger
2022-04-22 20:31:00,769 [INFO] mydebugs: My debug Logger
2022-04-22 20:31:00,778 [INFO] mydebugs: After request debug logger
2022-04-22 20:31:00,797 [INFO] mydebugs: My debug Logger
2022-04-22 20:31:02,445 [INFO] mydebugs: My debug Logger
2022-04-22 20:31:02,454 [INFO] mydebugs: After request debug logger
2022-04-22 20:31:02,474 [INFO] mydebugs: My debug Logger
2022-04-22 20:31:03,987 [INFO] mydebugs: My debug Logger
2022-04-22 20:31:03,995 [INFO] mydebugs: After request debug logger
2022-04-22 20:31:04,021 [INFO] mydebugs: My debug Logger
2022-04-22 20:31:05,476 [INFO] mydebugs: My debug Logger
2022-04-22 20:31:05,484 [INFO] mydebugs: After request debug logger
2022-04-22 20:31:05,507 [INFO] mydebugs: My debug Logger
2022-04-22 20:31:07,301 [INFO] mydebugs: My debug Logger
2022-04-22 20:31:07,308 [INFO] mydebugs: After request debug logger
2022-04-22 20:31:07,335 [INFO] mydebugs: My debug Logger
2022-04-22 20:31:07,692 [INFO] mydebugs: My debug Logger
2022-04-22 20:31:07,700 [INFO] mydebugs: After request debug logger
2022-04-22 20:31:07,718 [INFO] mydebugs: My debug Logger
2022-04-22 20:31:07,972 [INFO] mydebugs: My debug Logger
2022-04-22 20:31:07,981 [INFO] mydebugs: After request debug logger
2022-04-22 20:31:08,000 [INFO] mydebugs: My debug Logger
2022-04-22 20:31:08,347 [INFO] mydebugs: My debug Logger
2022-04-22 20:31:08,360 [INFO] mydebugs: After request debug logger
2022-04-22 20:31:08,414 [INFO] mydebugs: My debug Logger
2022-04-22 20:31:08,709 [INFO] mydebugs: My debug Logger
2022-04-22 20:31:08,717 [INFO] mydebugs: After request debug logger
2022-04-22 20:31:08,731 [INFO] mydebugs: My debug Logger
2022-04-22 20:31:09,071 [INFO] mydebugs: My debug Logger
2022-04-22 20:31:09,080 [INFO] mydebugs: After request debug logger
2022-04-22 20:31:09,096 [INFO] mydebugs: My debug Logger
2022-04-22 20:31:09,490 [INFO] mydebugs: My debug Logger
2022-04-22 20:31:09,498 [INFO] mydebugs: After request debug logger
2022-04-22 20:31:09,513 [INFO] mydebugs: My debug Logger
2022-04-22 20:31:09,855 [INFO] mydebugs: My debug Logger
2022-04-22 20:31:09,863 [INFO] mydebugs: After request debug logger
2022-04-22 20:31:09,883 [INFO] mydebugs: My debug Logger
2022-04-22 20:31:10,179 [INFO] mydebugs: My debug Logger
2022-04-22 20:31:10,187 [INFO] mydebugs: After request debug logger
2022-04-22 20:31:10,201 [INFO] mydebugs: My debug Logger
2022-04-22 20:31:10,632 [INFO] mydebugs: My debug Logger
2022-04-22 20:31:10,641 [INFO] mydebugs: After request debug logger
2022-04-22 20:31:10,660 [INFO] mydebugs: My debug Logger
2022-04-22 20:31:11,017 [INFO] mydebugs: My debug Logger
2022-04-22 20:31:11,024 [INFO] mydebugs: After request debug logger
2022-04-22 20:31:11,043 [INFO] mydebugs: My debug Logger
2022-04-22 20:31:11,355 [INFO] mydebugs: My debug Logger
2022-04-22 20:31:11,364 [INFO] mydebugs: After request debug logger
2022-04-22 20:31:11,389 [INFO] mydebugs: My debug Logger
2022-04-22 20:31:12,247 [INFO] mydebugs: My debug Logger
2022-04-22 20:31:12,254 [INFO] mydebugs: After request debug logger
2022-04-22 20:31:12,270 [INFO] mydebugs: My debug Logger
2022-04-22 20:31:12,548 [INFO] mydebugs: My debug Logger
2022-04-22 20:31:12,557 [INFO] mydebugs: After request debug logger
2022-04-22 20:31:12,580 [INFO] mydebugs: My debug Logger
2022-04-22 20:31:12,881 [INFO] mydebugs: My debug Logger
2022-04-22 20:31:12,889 [INFO] mydebugs: After request debug logger
2022-04-22 20:31:12,906 [INFO] mydebugs: My debug Logger
2022-04-22 20:31:13,192 [INFO] mydebugs: My debug Logger
2022-04-22 20:31:13,210 [INFO] mydebugs: After request debug logger
2022-04-22 20:31:13,227 [INFO] mydebugs: My debug Logger
2022-04-22 20:31:13,510 [INFO] mydebugs: My debug Logger
2022-04-22 20:31:13,518 [INFO] mydebugs: After request debug logger
2022-04-22 20:31:13,534 [INFO] mydebugs: My debug Logger
2022-04-22 20:31:13,842 [INFO] mydebugs: My debug Logger
2022-04-22 20:31:13,853 [INFO] mydebugs: After request debug logger
2022-04-22 20:31:13,874 [INFO] mydebugs: My debug Logger
2022-04-22 20:31:14,145 [INFO] mydebugs: My debug Logger
2022-04-22 20:31:14,153 [INFO] mydebugs: After request debug logger
2022-04-22 20:31:14,172 [INFO] mydebugs: My debug Logger
2022-04-22 20:31:14,441 [INFO] mydebugs: My debug Logger
2022-04-22 20:31:14,450 [INFO] mydebugs: After request debug logger
2022-04-22 20:31:14,466 [INFO] mydebugs: My debug Logger
2022-04-22 20:31:15,138 [INFO] mydebugs: My debug Logger
2022-04-22 20:31:15,146 [INFO] mydebugs: After request debug logger
2022-04-22 20:31:15,175 [INFO] mydebugs: My debug Logger
2022-04-22 20:31:15,457 [INFO] mydebugs: My debug Logger
2022-04-22 20:31:15,464 [INFO] mydebugs: After request debug logger
2022-04-22 20:31:15,483 [INFO] mydebugs: My debug Logger
2022-04-22 20:31:15,732 [INFO] mydebugs: My debug Logger
2022-04-22 20:31:15,742 [INFO] mydebugs: After request debug logger
2022-04-22 20:31:15,758 [INFO] mydebugs: My debug Logger
2022-04-22 20:31:16,015 [INFO] mydebugs: My debug Logger
2022-04-22 20:31:16,032 [INFO] mydebugs: After request debug logger
2022-04-22 20:31:16,047 [INFO] mydebugs: My debug Logger
2022-04-22 20:31:16,297 [INFO] mydebugs: My debug Logger
2022-04-22 20:31:16,307 [INFO] mydebugs: After request debug logger
2022-04-22 20:31:16,328 [INFO] mydebugs: My debug Logger
2022-04-22 20:31:16,562 [INFO] mydebugs: My debug Logger
2022-04-22 20:31:16,570 [INFO] mydebugs: After request debug logger
2022-04-22 20:31:16,590 [INFO] mydebugs: My debug Logger
2022-04-22 20:31:17,573 [INFO] mydebugs: My debug Logger
2022-04-22 20:31:17,581 [INFO] mydebugs: After request debug logger
2022-04-22 20:31:17,606 [INFO] mydebugs: My debug Logger
2022-04-22 20:31:17,863 [INFO] mydebugs: My debug Logger
2022-04-22 20:31:17,872 [INFO] mydebugs: After request debug logger
2022-04-22 20:31:17,908 [INFO] mydebugs: My debug Logger
2022-04-22 20:31:18,158 [INFO] mydebugs: My debug Logger
2022-04-22 20:31:18,165 [INFO] mydebugs: After request debug logger
2022-04-22 20:31:18,179 [INFO] mydebugs: My debug Logger
2022-04-22 20:31:18,412 [INFO] mydebugs: My debug Logger
2022-04-22 20:31:18,419 [INFO] mydebugs: After request debug logger
2022-04-22 20:31:18,439 [INFO] mydebugs: My debug Logger
2022-04-22 20:31:18,658 [INFO] mydebugs: My debug Logger
2022-04-22 20:31:18,667 [INFO] mydebugs: After request debug logger
2022-04-22 20:31:18,682 [INFO] mydebugs: My debug Logger
2022-04-22 20:31:18,914 [INFO] mydebugs: My debug Logger
2022-04-22 20:31:18,923 [INFO] mydebugs: After request debug logger
2022-04-22 20:31:18,947 [INFO] mydebugs: My debug Logger
2022-04-22 20:31:19,209 [INFO] mydebugs: My debug Logger
2022-04-22 20:31:19,217 [INFO] mydebugs: After request debug logger
2022-04-22 20:31:19,231 [INFO] mydebugs: My debug Logger
2022-04-22 20:31:19,452 [INFO] mydebugs: My debug Logger
2022-04-22 20:31:19,460 [INFO] mydebugs: After request debug logger
2022-04-22 20:31:19,484 [INFO] mydebugs: My debug Logger
2022-04-22 20:31:19,810 [INFO] mydebugs: My debug Logger
2022-04-22 20:31:19,817 [INFO] mydebugs: After request debug logger
2022-04-22 20:31:19,833 [INFO] mydebugs: My debug Logger
2022-04-22 20:31:20,115 [INFO] mydebugs: My debug Logger
2022-04-22 20:31:20,124 [INFO] mydebugs: After request debug logger
2022-04-22 20:31:20,142 [INFO] mydebugs: My debug Logger
2022-04-22 20:31:20,411 [INFO] mydebugs: My debug Logger
2022-04-22 20:31:20,419 [INFO] mydebugs: After request debug logger
2022-04-22 20:31:20,435 [INFO] mydebugs: My debug Logger
2022-04-22 20:31:20,706 [INFO] mydebugs: My debug Logger
2022-04-22 20:31:20,712 [INFO] mydebugs: After request debug logger
2022-04-22 20:31:20,733 [INFO] mydebugs: My debug Logger
2022-04-22 20:31:20,938 [INFO] mydebugs: My debug Logger
2022-04-22 20:31:20,946 [INFO] mydebugs: After request debug logger
2022-04-22 20:31:20,962 [INFO] mydebugs: My debug Logger
