2022-04-19 20:07:40,538 [INFO] app: Before Request
2022-04-19 20:07:40,684 [INFO] app: After Request
2022-04-19 20:07:40,718 [INFO] app: Before Request
2022-04-19 20:07:40,720 [INFO] app: After Request
2022-04-19 20:07:40,722 [INFO] app: Before Request
2022-04-19 20:07:40,870 [INFO] app: After Request
2022-04-19 20:07:40,873 [INFO] app: Before Request
2022-04-19 20:07:40,887 [INFO] app: After Request
2022-04-19 20:07:41,163 [INFO] app: Before Request
2022-04-19 20:07:41,305 [INFO] app: After Request
2022-04-19 20:07:41,337 [INFO] app: Before Request
2022-04-19 20:07:41,498 [INFO] app: After Request
2022-04-19 20:07:41,527 [INFO] app: Before Request
2022-04-19 20:07:41,670 [INFO] app: After Request
2022-04-19 20:07:41,699 [INFO] app: Before Request
2022-04-19 20:07:41,839 [INFO] app: After Request
2022-04-19 20:07:41,869 [INFO] app: Before Request
2022-04-19 20:07:42,015 [INFO] app: After Request
2022-04-19 20:07:42,051 [INFO] app: Before Request
2022-04-19 20:07:42,188 [INFO] app: After Request
2022-04-19 20:07:42,218 [INFO] app: Before Request
2022-04-19 20:07:42,354 [INFO] app: After Request
2022-04-19 20:07:42,391 [INFO] app: Before Request
2022-04-19 20:07:42,526 [INFO] app: After Request
2022-04-19 20:08:21,776 [INFO] app: Before Request
2022-04-19 20:08:21,921 [INFO] app: After Request
2022-04-19 20:08:21,948 [INFO] app: Before Request
2022-04-19 20:08:21,950 [INFO] app: After Request
2022-04-19 20:08:21,952 [INFO] app: Before Request
2022-04-19 20:08:22,095 [INFO] app: After Request
2022-04-19 20:08:22,097 [INFO] app: Before Request
2022-04-19 20:08:22,109 [INFO] app: After Request
2022-04-19 20:08:22,213 [INFO] app: Before Request
2022-04-19 20:08:22,374 [INFO] app: After Request
2022-04-19 20:08:22,402 [INFO] app: Before Request
2022-04-19 20:08:22,542 [INFO] app: After Request
2022-04-19 20:08:22,575 [INFO] app: Before Request
2022-04-19 20:08:22,716 [INFO] app: After Request
2022-04-19 20:08:22,768 [INFO] app: Before Request
2022-04-19 20:08:22,920 [INFO] app: After Request
2022-04-19 20:08:22,947 [INFO] app: Before Request
2022-04-19 20:08:23,088 [INFO] app: After Request
2022-04-19 20:08:23,117 [INFO] app: Before Request
2022-04-19 20:08:23,254 [INFO] app: After Request
2022-04-19 20:08:23,286 [INFO] app: Before Request
2022-04-19 20:08:23,431 [INFO] app: After Request
2022-04-19 20:08:23,459 [INFO] app: Before Request
2022-04-19 20:08:23,598 [INFO] app: After Request
2022-04-19 20:08:56,461 [INFO] app: Before Request
2022-04-19 20:08:56,611 [INFO] app: After Request
2022-04-19 20:08:57,741 [INFO] app: Before Request
2022-04-19 20:08:57,757 [INFO] app: After Request
2022-04-19 20:08:58,547 [INFO] app: Before Request
2022-04-19 20:08:58,561 [INFO] app: After Request
2022-04-19 20:17:17,741 [INFO] app: Before Request
2022-04-19 20:17:17,890 [INFO] app: After Request
2022-04-19 20:17:17,922 [INFO] app: Before Request
2022-04-19 20:17:17,923 [INFO] app: After Request
2022-04-19 20:17:17,926 [INFO] app: Before Request
2022-04-19 20:17:18,068 [INFO] app: After Request
2022-04-19 20:17:18,070 [INFO] app: Before Request
2022-04-19 20:17:18,083 [INFO] app: After Request
2022-04-19 20:17:18,183 [INFO] app: Before Request
2022-04-19 20:17:18,329 [INFO] app: After Request
2022-04-19 20:17:18,357 [INFO] app: Before Request
2022-04-19 20:17:18,510 [INFO] app: After Request
2022-04-19 20:17:18,542 [INFO] app: Before Request
2022-04-19 20:17:18,681 [INFO] app: After Request
2022-04-19 20:17:18,718 [INFO] app: Before Request
2022-04-19 20:17:18,860 [INFO] app: After Request
2022-04-19 20:17:18,889 [INFO] app: Before Request
2022-04-19 20:17:19,036 [INFO] app: After Request
2022-04-19 20:17:19,068 [INFO] app: Before Request
2022-04-19 20:17:19,206 [INFO] app: After Request
2022-04-19 20:17:19,240 [INFO] app: Before Request
2022-04-19 20:17:19,377 [INFO] app: After Request
2022-04-19 20:17:19,409 [INFO] app: Before Request
2022-04-19 20:17:19,557 [INFO] app: After Request
2022-04-19 20:18:01,397 [INFO] app: Before Request
2022-04-19 20:18:01,556 [INFO] app: After Request
2022-04-19 20:18:01,585 [INFO] app: Before Request
2022-04-19 20:18:01,587 [INFO] app: After Request
2022-04-19 20:18:01,589 [INFO] app: Before Request
2022-04-19 20:18:01,728 [INFO] app: After Request
2022-04-19 20:18:01,731 [INFO] app: Before Request
2022-04-19 20:18:01,744 [INFO] app: After Request
2022-04-19 20:18:01,872 [INFO] app: Before Request
2022-04-19 20:18:02,011 [INFO] app: After Request
2022-04-19 20:18:02,040 [INFO] app: Before Request
2022-04-19 20:18:02,180 [INFO] app: After Request
2022-04-19 20:18:02,210 [INFO] app: Before Request
2022-04-19 20:18:02,350 [INFO] app: After Request
2022-04-19 20:18:02,389 [INFO] app: Before Request
2022-04-19 20:18:02,553 [INFO] app: After Request
2022-04-19 20:18:02,583 [INFO] app: Before Request
2022-04-19 20:18:02,735 [INFO] app: After Request
2022-04-19 20:18:02,767 [INFO] app: Before Request
2022-04-19 20:18:02,904 [INFO] app: After Request
2022-04-19 20:18:02,932 [INFO] app: Before Request
2022-04-19 20:18:03,071 [INFO] app: After Request
2022-04-19 20:18:03,104 [INFO] app: Before Request
2022-04-19 20:18:03,248 [INFO] app: After Request
2022-04-19 20:20:04,594 [INFO] app: Before Request
2022-04-19 20:20:04,753 [INFO] app: After Request
2022-04-19 20:20:04,780 [INFO] app: Before Request
2022-04-19 20:20:04,782 [INFO] app: After Request
2022-04-19 20:20:04,784 [INFO] app: Before Request
2022-04-19 20:20:04,930 [INFO] app: After Request
2022-04-19 20:20:04,933 [INFO] app: Before Request
2022-04-19 20:20:04,947 [INFO] app: After Request
2022-04-19 20:20:05,045 [INFO] app: Before Request
2022-04-19 20:20:05,186 [INFO] app: After Request
2022-04-19 20:20:05,213 [INFO] app: Before Request
2022-04-19 20:20:05,362 [INFO] app: After Request
2022-04-19 20:20:05,392 [INFO] app: Before Request
2022-04-19 20:20:05,531 [INFO] app: After Request
2022-04-19 20:20:05,576 [INFO] app: Before Request
2022-04-19 20:20:05,735 [INFO] app: After Request
2022-04-19 20:20:05,766 [INFO] app: Before Request
2022-04-19 20:20:05,913 [INFO] app: After Request
2022-04-19 20:20:05,940 [INFO] app: Before Request
2022-04-19 20:20:06,079 [INFO] app: After Request
2022-04-19 20:20:06,111 [INFO] app: Before Request
2022-04-19 20:20:06,248 [INFO] app: After Request
2022-04-19 20:20:06,278 [INFO] app: Before Request
2022-04-19 20:20:06,419 [INFO] app: After Request
2022-04-19 20:21:43,823 [INFO] app: Before Request
2022-04-19 20:21:43,975 [INFO] app: After Request
2022-04-19 20:21:44,744 [INFO] app: Before Request
2022-04-19 20:21:44,759 [INFO] app: After Request
2022-04-19 20:21:45,490 [INFO] app: Before Request
2022-04-19 20:21:45,507 [INFO] app: After Request
2022-04-19 20:21:46,227 [INFO] app: Before Request
2022-04-19 20:21:46,244 [INFO] app: After Request
2022-04-19 20:21:48,174 [INFO] app: Before Request
2022-04-19 20:21:48,182 [INFO] app: After Request
2022-04-19 20:21:48,352 [INFO] app: Before Request
2022-04-19 23:29:01,302 [INFO] app: Before Request
2022-04-19 23:29:01,447 [INFO] app: After Request
2022-04-19 23:29:01,482 [INFO] app: Before Request
2022-04-19 23:29:01,483 [INFO] app: After Request
2022-04-19 23:29:01,485 [INFO] app: Before Request
2022-04-19 23:29:01,624 [INFO] app: After Request
2022-04-19 23:29:01,627 [INFO] app: Before Request
2022-04-19 23:29:01,641 [INFO] app: After Request
2022-04-19 23:29:01,746 [INFO] app: Before Request
2022-04-19 23:29:01,902 [INFO] app: After Request
2022-04-19 23:29:01,932 [INFO] app: Before Request
2022-04-19 23:29:02,072 [INFO] app: After Request
2022-04-19 23:29:02,107 [INFO] app: Before Request
2022-04-19 23:29:02,248 [INFO] app: After Request
2022-04-19 23:29:02,281 [INFO] app: Before Request
2022-04-19 23:29:02,423 [INFO] app: After Request
2022-04-19 23:29:02,454 [INFO] app: Before Request
2022-04-19 23:29:02,598 [INFO] app: After Request
2022-04-19 23:29:02,637 [INFO] app: Before Request
2022-04-19 23:29:02,772 [INFO] app: After Request
2022-04-19 23:29:02,807 [INFO] app: Before Request
2022-04-19 23:29:02,961 [INFO] app: After Request
2022-04-19 23:29:02,994 [INFO] app: Before Request
2022-04-19 23:29:03,142 [INFO] app: After Request
2022-04-19 23:30:55,924 [INFO] app: Before Request
2022-04-19 23:30:56,080 [INFO] app: After Request
2022-04-19 23:30:56,751 [INFO] app: Before Request
2022-04-19 23:30:56,773 [INFO] app: After Request
2022-04-19 23:30:57,937 [INFO] app: Before Request
2022-04-19 23:30:57,944 [INFO] app: After Request
2022-04-20 00:09:00,737 [INFO] app: Before Request
2022-04-20 00:09:00,885 [INFO] app: After Request
2022-04-20 00:09:03,073 [INFO] app: Before Request
2022-04-20 00:09:03,091 [INFO] app: After Request
2022-04-20 00:17:22,337 [INFO] app: Before Request
2022-04-20 00:17:22,493 [INFO] app: After Request
2022-04-20 00:17:24,734 [INFO] app: Before Request
2022-04-20 00:17:24,748 [INFO] app: After Request
2022-04-20 00:17:27,949 [INFO] app: Before Request
2022-04-20 00:17:27,965 [INFO] app: After Request
2022-04-20 00:19:08,965 [INFO] app: Before Request
2022-04-20 00:19:08,974 [INFO] app: After Request
2022-04-20 00:20:16,813 [INFO] app: Before Request
2022-04-20 00:20:16,966 [INFO] app: After Request
2022-04-20 00:20:20,084 [INFO] app: Before Request
2022-04-20 00:20:20,102 [INFO] app: After Request
2022-04-20 00:23:05,606 [INFO] app: Before Request
2022-04-20 00:23:05,758 [INFO] app: After Request
2022-04-20 00:23:08,313 [INFO] app: Before Request
2022-04-20 00:23:08,329 [INFO] app: After Request
2022-04-20 00:23:10,199 [INFO] app: Before Request
2022-04-20 00:23:10,211 [INFO] app: After Request
2022-04-20 00:24:46,507 [INFO] app: Before Request
2022-04-20 00:24:46,653 [INFO] app: After Request
2022-04-20 00:24:46,704 [INFO] app: Before Request
2022-04-20 00:24:46,706 [INFO] app: After Request
2022-04-20 00:24:46,709 [INFO] app: Before Request
2022-04-20 00:24:46,868 [INFO] app: After Request
2022-04-20 00:24:46,871 [INFO] app: Before Request
2022-04-20 00:24:46,884 [INFO] app: After Request
2022-04-20 00:24:46,988 [INFO] app: Before Request
2022-04-20 00:24:47,130 [INFO] app: After Request
2022-04-20 00:24:47,165 [INFO] app: Before Request
2022-04-20 00:24:47,327 [INFO] app: After Request
2022-04-20 00:24:47,359 [INFO] app: Before Request
2022-04-20 00:24:47,500 [INFO] app: After Request
2022-04-20 00:24:47,541 [INFO] app: Before Request
2022-04-20 00:24:47,683 [INFO] app: After Request
2022-04-20 00:24:47,718 [INFO] app: Before Request
2022-04-20 00:24:47,860 [INFO] app: After Request
2022-04-20 00:24:47,893 [INFO] app: Before Request
2022-04-20 00:24:48,039 [INFO] app: After Request
2022-04-20 00:24:48,080 [INFO] app: Before Request
2022-04-20 00:24:48,217 [INFO] app: After Request
2022-04-20 00:24:48,253 [INFO] app: Before Request
2022-04-20 00:24:48,399 [INFO] app: After Request
2022-04-20 00:47:08,438 [INFO] app: Before Request
2022-04-20 00:47:08,579 [INFO] app: After Request
2022-04-20 00:47:08,618 [INFO] app: Before Request
2022-04-20 00:47:08,619 [INFO] app: After Request
2022-04-20 00:47:08,622 [INFO] app: Before Request
2022-04-20 00:47:08,773 [INFO] app: After Request
2022-04-20 00:47:08,780 [INFO] app: Before Request
2022-04-20 00:47:08,794 [INFO] app: After Request
2022-04-20 00:47:08,909 [INFO] app: Before Request
2022-04-20 00:47:09,048 [INFO] app: After Request
2022-04-20 00:47:09,090 [INFO] app: Before Request
2022-04-20 00:47:09,260 [INFO] app: After Request
2022-04-20 00:47:09,309 [INFO] app: Before Request
2022-04-20 00:47:09,458 [INFO] app: After Request
2022-04-20 00:47:09,494 [INFO] app: Before Request
2022-04-20 00:47:09,631 [INFO] app: After Request
2022-04-20 00:47:09,669 [INFO] app: Before Request
2022-04-20 00:47:09,808 [INFO] app: After Request
2022-04-20 00:47:09,845 [INFO] app: Before Request
2022-04-20 00:47:09,981 [INFO] app: After Request
2022-04-20 00:47:10,014 [INFO] app: Before Request
2022-04-20 00:47:10,151 [INFO] app: After Request
2022-04-20 00:47:10,187 [INFO] app: Before Request
2022-04-20 00:47:10,321 [INFO] app: After Request
2022-04-20 16:28:50,944 [INFO] app: Before Request
2022-04-20 16:28:51,098 [INFO] app: After Request
2022-04-20 16:29:02,677 [INFO] app: Before Request
2022-04-20 16:29:02,925 [INFO] app: After Request
2022-04-20 16:29:02,933 [INFO] app: Before Request
2022-04-20 16:29:02,950 [INFO] app: After Request
2022-04-20 16:30:50,308 [INFO] app: Before Request
2022-04-20 16:30:50,321 [INFO] app: After Request
2022-04-20 16:31:01,637 [INFO] app: Before Request
2022-04-20 16:31:01,843 [INFO] app: After Request
2022-04-20 16:31:01,853 [INFO] app: Before Request
2022-04-20 16:31:01,860 [INFO] app: After Request
2022-04-20 16:35:46,805 [INFO] app: Before Request
2022-04-20 16:35:46,817 [INFO] app: After Request
2022-04-20 16:35:50,204 [INFO] app: Before Request
2022-04-20 16:35:50,212 [INFO] app: After Request
2022-04-20 16:35:59,536 [INFO] app: Before Request
2022-04-20 16:35:59,752 [INFO] app: After Request
2022-04-20 16:35:59,758 [INFO] app: Before Request
2022-04-20 16:35:59,766 [INFO] app: After Request
2022-04-21 01:45:17,514 [INFO] app: Before Request
2022-04-21 01:45:17,529 [INFO] app: After Request
2022-04-21 01:45:33,209 [INFO] app: Before Request
2022-04-21 01:45:33,217 [INFO] app: After Request
2022-04-21 01:45:44,381 [INFO] app: Before Request
2022-04-21 01:45:44,582 [INFO] app: After Request
2022-04-21 01:45:44,591 [INFO] app: Before Request
2022-04-21 01:45:44,599 [INFO] app: After Request
2022-04-21 02:06:14,247 [INFO] app: Before Request
2022-04-21 02:06:14,256 [INFO] app: After Request
2022-04-21 02:06:15,528 [INFO] app: Before Request
2022-04-21 02:06:15,538 [INFO] app: After Request
2022-04-21 02:06:17,273 [INFO] app: Before Request
2022-04-21 02:06:17,283 [INFO] app: After Request
2022-04-21 02:06:37,397 [INFO] app: Before Request
2022-04-21 02:06:37,574 [INFO] app: After Request
2022-04-21 02:06:37,582 [INFO] app: Before Request
2022-04-21 02:06:37,591 [INFO] app: After Request
2022-04-21 02:07:04,268 [INFO] app: Before Request
2022-04-21 02:07:04,438 [INFO] app: After Request
2022-04-21 02:07:04,447 [INFO] app: Before Request
2022-04-21 02:07:04,454 [INFO] app: After Request
2022-04-21 02:07:15,138 [INFO] app: Before Request
2022-04-21 02:07:15,328 [INFO] app: After Request
2022-04-21 02:07:15,336 [INFO] app: Before Request
2022-04-21 02:07:15,342 [INFO] app: After Request
2022-04-21 02:07:18,805 [INFO] app: Before Request
2022-04-21 02:07:18,813 [INFO] app: After Request
2022-04-21 02:07:44,368 [INFO] app: Before Request
2022-04-21 02:07:44,580 [INFO] app: After Request
2022-04-21 02:07:44,590 [INFO] app: Before Request
2022-04-21 02:07:44,597 [INFO] app: After Request
2022-04-21 02:08:08,125 [INFO] app: Before Request
2022-04-21 02:08:08,289 [INFO] app: After Request
2022-04-21 02:08:08,299 [INFO] app: Before Request
2022-04-21 02:08:08,305 [INFO] app: After Request
2022-04-21 02:08:17,213 [INFO] app: Before Request
2022-04-21 02:08:17,418 [INFO] app: After Request
2022-04-21 02:08:17,428 [INFO] app: Before Request
2022-04-21 02:08:17,449 [INFO] app: After Request
2022-04-21 02:08:24,471 [INFO] app: Before Request
2022-04-21 02:08:24,494 [INFO] app: After Request
2022-04-21 02:08:27,835 [INFO] app: Before Request
2022-04-21 02:08:27,857 [INFO] app: After Request
2022-04-21 02:08:41,151 [INFO] app: Before Request
2022-04-21 02:08:41,181 [INFO] app: After Request
2022-04-21 02:08:41,189 [INFO] app: Before Request
2022-04-21 02:08:41,203 [INFO] app: After Request
2022-04-21 02:08:44,906 [INFO] app: Before Request
2022-04-21 02:08:44,957 [INFO] app: After Request
2022-04-21 02:08:46,823 [INFO] app: Before Request
2022-04-21 02:08:46,838 [INFO] app: After Request
2022-04-21 02:08:52,465 [INFO] app: Before Request
2022-04-21 02:08:52,495 [INFO] app: After Request
2022-04-21 02:08:52,505 [INFO] app: Before Request
2022-04-21 02:08:52,511 [INFO] app: After Request
2022-04-21 02:08:54,473 [INFO] app: Before Request
2022-04-21 02:08:54,491 [INFO] app: After Request
2022-04-21 02:08:55,467 [INFO] app: Before Request
2022-04-21 02:08:55,487 [INFO] app: After Request
2022-04-21 02:08:56,563 [INFO] app: Before Request
2022-04-21 02:08:56,586 [INFO] app: After Request
2022-04-21 02:13:56,972 [INFO] app: Before Request
2022-04-21 02:13:56,982 [INFO] app: After Request
2022-04-21 02:14:02,911 [INFO] app: Before Request
2022-04-21 02:14:02,922 [INFO] app: After Request
2022-04-21 02:14:04,229 [INFO] app: Before Request
2022-04-21 02:14:04,241 [INFO] app: After Request
2022-04-21 02:14:07,627 [INFO] app: Before Request
2022-04-21 02:14:07,645 [INFO] app: After Request
2022-04-21 02:14:18,716 [INFO] app: Before Request
2022-04-21 02:14:18,922 [INFO] app: After Request
2022-04-21 02:14:18,931 [INFO] app: Before Request
2022-04-21 02:14:18,945 [INFO] app: After Request
2022-04-21 02:14:28,857 [INFO] app: Before Request
2022-04-21 02:14:28,879 [INFO] app: After Request
2022-04-21 02:29:12,344 [INFO] app: Before Request
2022-04-21 02:29:12,364 [INFO] app: After Request
2022-04-21 02:29:13,628 [INFO] app: Before Request
2022-04-21 02:29:13,648 [INFO] app: After Request
2022-04-21 02:29:14,846 [INFO] app: Before Request
2022-04-21 02:29:14,872 [INFO] app: After Request
2022-04-21 02:29:17,215 [INFO] app: Before Request
2022-04-21 02:29:17,233 [INFO] app: After Request
2022-04-21 02:29:19,262 [INFO] app: Before Request
2022-04-21 02:29:19,296 [INFO] app: After Request
2022-04-21 02:29:19,303 [INFO] app: Before Request
2022-04-21 02:29:19,312 [INFO] app: After Request
2022-04-21 02:29:27,053 [INFO] app: Before Request
2022-04-21 02:29:27,256 [INFO] app: After Request
2022-04-21 02:29:27,266 [INFO] app: Before Request
2022-04-21 02:29:27,281 [INFO] app: After Request
2022-04-21 02:29:33,764 [INFO] app: Before Request
2022-04-21 02:29:33,781 [INFO] app: After Request
2022-04-21 02:29:38,065 [INFO] app: Before Request
2022-04-21 02:29:38,080 [INFO] app: After Request
2022-04-21 02:29:38,960 [INFO] app: Before Request
2022-04-21 02:29:38,975 [INFO] app: After Request
2022-04-21 02:29:39,199 [INFO] app: Before Request
2022-04-21 02:29:39,216 [INFO] app: After Request
2022-04-21 02:29:39,418 [INFO] app: Before Request
2022-04-21 02:29:39,436 [INFO] app: After Request
2022-04-21 02:29:45,766 [INFO] app: Before Request
2022-04-21 02:29:45,801 [INFO] app: After Request
2022-04-21 02:29:45,809 [INFO] app: Before Request
2022-04-21 02:29:45,817 [INFO] app: After Request
2022-04-21 02:29:54,440 [INFO] app: Before Request
2022-04-21 02:29:54,607 [INFO] app: After Request
2022-04-21 02:29:54,616 [INFO] app: Before Request
2022-04-21 02:29:54,623 [INFO] app: After Request
2022-04-21 02:30:04,609 [INFO] app: Before Request
2022-04-21 02:30:04,804 [INFO] app: After Request
2022-04-21 02:30:04,813 [INFO] app: Before Request
2022-04-21 02:30:04,820 [INFO] app: After Request
2022-04-21 02:30:14,845 [INFO] app: Before Request
2022-04-21 02:30:15,021 [INFO] app: After Request
2022-04-21 02:30:15,030 [INFO] app: Before Request
2022-04-21 02:30:15,037 [INFO] app: After Request
2022-04-21 02:30:25,528 [INFO] app: Before Request
2022-04-21 02:30:25,696 [INFO] app: After Request
2022-04-21 02:30:25,705 [INFO] app: Before Request
2022-04-21 02:30:25,712 [INFO] app: After Request
2022-04-21 02:30:35,153 [INFO] app: Before Request
2022-04-21 02:30:35,321 [INFO] app: After Request
2022-04-21 02:30:35,331 [INFO] app: Before Request
2022-04-21 02:30:35,339 [INFO] app: After Request
2022-04-21 02:31:42,355 [INFO] app: Before Request
2022-04-21 02:31:42,555 [INFO] app: After Request
2022-04-21 02:31:42,566 [INFO] app: Before Request
2022-04-21 02:31:42,582 [INFO] app: After Request
2022-04-21 02:31:48,574 [INFO] app: Before Request
2022-04-21 02:31:48,610 [INFO] app: After Request
2022-04-21 02:31:49,496 [INFO] app: Before Request
2022-04-21 02:31:49,510 [INFO] app: After Request
2022-04-21 02:31:50,892 [INFO] app: Before Request
2022-04-21 02:31:50,909 [INFO] app: After Request
2022-04-21 02:31:51,560 [INFO] app: Before Request
2022-04-21 02:31:51,575 [INFO] app: After Request
2022-04-21 02:31:51,740 [INFO] app: Before Request
2022-04-21 02:31:51,757 [INFO] app: After Request
2022-04-21 02:31:56,061 [INFO] app: Before Request
2022-04-21 02:31:56,081 [INFO] app: After Request
2022-04-21 02:31:58,494 [INFO] app: Before Request
2022-04-21 02:31:58,509 [INFO] app: After Request
2022-04-21 02:40:37,270 [INFO] app: Before Request
2022-04-21 02:40:37,293 [INFO] app: After Request
2022-04-21 02:40:39,299 [INFO] app: Before Request
2022-04-21 02:40:39,315 [INFO] app: After Request
2022-04-21 02:41:01,874 [INFO] app: Before Request
2022-04-21 02:41:02,093 [INFO] app: After Request
2022-04-21 02:41:02,101 [INFO] app: Before Request
2022-04-21 02:41:02,117 [INFO] app: After Request
2022-04-21 02:41:12,893 [INFO] app: Before Request
2022-04-21 02:41:13,094 [INFO] app: After Request
2022-04-21 02:41:13,103 [INFO] app: Before Request
2022-04-21 02:41:13,117 [INFO] app: After Request
2022-04-21 02:41:19,002 [INFO] app: Before Request
2022-04-21 02:41:19,022 [INFO] app: Browse page loading
2022-04-21 02:41:19,107 [INFO] app: After Request
2022-04-21 02:41:19,133 [INFO] app: Before Request
2022-04-21 02:41:19,460 [INFO] app: Before Request
2022-04-21 02:41:19,473 [INFO] app: Browse page loading
2022-04-21 02:41:19,479 [INFO] app: After Request
2022-04-21 02:41:19,499 [INFO] app: Before Request
2022-04-21 02:41:48,244 [INFO] app: Before Request
2022-04-21 02:41:48,274 [INFO] app: After Request
2022-04-21 02:41:53,618 [INFO] app: Before Request
2022-04-21 02:41:53,635 [INFO] app: Browse page loading
2022-04-21 02:41:53,642 [INFO] app: After Request
2022-04-21 02:41:53,670 [INFO] app: Before Request
2022-04-21 02:41:57,440 [INFO] app: Before Request
2022-04-21 02:41:57,464 [INFO] app: After Request
2022-04-21 02:42:09,675 [INFO] app: Before Request
2022-04-21 02:42:09,705 [INFO] app: edited a user
2022-04-21 02:42:09,706 [INFO] app: After Request
2022-04-21 02:42:09,714 [INFO] app: Before Request
2022-04-21 02:42:09,731 [INFO] app: Browse page loading
2022-04-21 02:42:09,736 [INFO] app: After Request
2022-04-21 02:42:09,763 [INFO] app: Before Request
2022-04-21 02:42:17,595 [INFO] app: Before Request
2022-04-21 02:42:17,615 [INFO] app: After Request
2022-04-21 02:42:22,075 [INFO] app: Before Request
2022-04-21 02:42:22,091 [INFO] app: After Request
2022-04-21 02:42:26,339 [INFO] app: Before Request
2022-04-21 02:42:26,367 [INFO] app: After Request
2022-04-21 02:42:26,377 [INFO] app: Before Request
2022-04-21 02:42:26,385 [INFO] app: After Request
2022-04-21 02:42:39,837 [INFO] app: Before Request
2022-04-21 02:42:39,848 [INFO] app: After Request
2022-04-21 02:42:39,861 [INFO] app: Before Request
2022-04-21 02:42:39,870 [INFO] app: After Request
2022-04-21 02:42:42,715 [INFO] app: Before Request
2022-04-21 02:42:42,727 [INFO] app: After Request
2022-04-21 02:42:54,807 [INFO] app: Before Request
2022-04-21 02:42:55,019 [INFO] app: After Request
2022-04-21 02:42:55,028 [INFO] app: Before Request
2022-04-21 02:42:55,034 [INFO] app: After Request
2022-04-21 02:43:11,784 [INFO] app: Before Request
2022-04-21 02:43:11,981 [INFO] app: After Request
2022-04-21 02:43:11,989 [INFO] app: Before Request
2022-04-21 02:43:12,003 [INFO] app: After Request
2022-04-21 02:43:15,118 [INFO] app: Before Request
2022-04-21 02:43:15,135 [INFO] app: Browse page loading
2022-04-21 02:43:15,141 [INFO] app: After Request
2022-04-21 02:43:15,167 [INFO] app: Before Request
2022-04-21 02:43:52,576 [INFO] app: Before Request
2022-04-21 02:43:52,610 [INFO] app: After Request
2022-04-21 02:47:15,927 [INFO] app: Before Request
2022-04-21 02:47:15,946 [INFO] app: Browse page loading
2022-04-21 02:47:15,966 [INFO] app: After Request
2022-04-21 02:47:16,061 [INFO] app: Before Request
2022-04-21 02:47:23,792 [INFO] app: Before Request
2022-04-21 02:47:23,811 [INFO] app: After Request
2022-04-21 02:47:24,990 [INFO] app: Before Request
2022-04-21 02:47:25,003 [INFO] app: Browse page loading
2022-04-21 02:47:25,010 [INFO] app: After Request
2022-04-21 02:47:25,051 [INFO] app: Before Request
2022-04-21 02:47:26,272 [INFO] app: Before Request
2022-04-21 02:47:26,285 [INFO] app: After Request
2022-04-21 02:47:26,962 [INFO] app: Before Request
2022-04-21 02:47:26,981 [INFO] app: After Request
2022-04-21 02:49:05,837 [INFO] app: Before Request
2022-04-21 02:49:05,878 [INFO] app: After Request
2022-04-21 02:49:05,896 [INFO] app: Before Request
2022-04-21 02:49:09,741 [INFO] app: Before Request
2022-04-21 02:49:09,761 [INFO] app: After Request
2022-04-21 02:49:09,784 [INFO] app: Before Request
2022-04-21 02:49:10,832 [INFO] app: Before Request
2022-04-21 02:49:10,852 [INFO] app: After Request
2022-04-21 02:49:10,882 [INFO] app: Before Request
2022-04-21 02:49:11,876 [INFO] app: Before Request
2022-04-21 02:49:11,891 [INFO] app: Browse page loading
2022-04-21 02:49:11,898 [INFO] app: After Request
2022-04-21 02:49:11,919 [INFO] app: Before Request
2022-04-21 02:49:11,939 [INFO] app: Before Request
2022-04-21 02:49:54,873 [INFO] app: Before Request
2022-04-21 02:49:54,901 [INFO] app: Browse page loading
2022-04-21 02:49:54,907 [INFO] app: After Request
2022-04-21 02:49:54,923 [INFO] app: Before Request
2022-04-21 02:49:54,942 [INFO] app: Before Request
2022-04-21 02:49:55,886 [INFO] app: Before Request
2022-04-21 02:49:55,902 [INFO] app: Browse page loading
2022-04-21 02:49:55,908 [INFO] app: After Request
2022-04-21 02:49:55,925 [INFO] app: Before Request
2022-04-21 02:49:55,944 [INFO] app: Before Request
2022-04-21 02:49:56,109 [INFO] app: Before Request
2022-04-21 02:49:56,129 [INFO] app: Browse page loading
2022-04-21 02:49:56,136 [INFO] app: After Request
2022-04-21 02:49:56,152 [INFO] app: Before Request
2022-04-21 02:49:56,170 [INFO] app: Before Request
2022-04-21 02:49:56,442 [INFO] app: Before Request
2022-04-21 02:49:56,458 [INFO] app: Browse page loading
2022-04-21 02:49:56,464 [INFO] app: After Request
2022-04-21 02:49:56,483 [INFO] app: Before Request
2022-04-21 02:49:56,506 [INFO] app: Before Request
2022-04-21 02:50:32,423 [INFO] app: Before Request
2022-04-21 02:50:32,438 [INFO] app: Browse page loading
2022-04-21 02:50:32,458 [INFO] app: After Request
2022-04-21 02:50:32,474 [INFO] app: Before Request
2022-04-21 02:50:32,503 [INFO] app: Before Request
2022-04-21 02:50:49,242 [INFO] app: Before Request
2022-04-21 02:50:49,260 [INFO] app: After Request
2022-04-21 02:50:49,288 [INFO] app: Before Request
2022-04-21 02:50:50,688 [INFO] app: Before Request
2022-04-21 02:50:50,708 [INFO] app: After Request
2022-04-21 02:50:50,737 [INFO] app: Before Request
2022-04-21 02:50:53,300 [INFO] app: Before Request
2022-04-21 02:50:53,316 [INFO] app: After Request
2022-04-21 02:50:53,338 [INFO] app: Before Request
2022-04-21 02:50:54,637 [INFO] app: Before Request
2022-04-21 02:50:54,653 [INFO] app: After Request
2022-04-21 02:50:54,671 [INFO] app: Before Request
2022-04-21 02:50:55,771 [INFO] app: Before Request
2022-04-21 02:50:55,786 [INFO] app: After Request
2022-04-21 02:50:55,808 [INFO] app: Before Request
2022-04-21 02:50:57,348 [INFO] app: Before Request
2022-04-21 02:50:57,364 [INFO] app: After Request
2022-04-21 02:50:57,382 [INFO] app: Before Request
2022-04-21 02:51:18,912 [INFO] app: Before Request
2022-04-21 02:51:18,948 [INFO] app: After Request
2022-04-21 02:51:18,976 [INFO] app: Before Request
2022-04-21 02:51:20,126 [INFO] app: Before Request
2022-04-21 02:51:20,144 [INFO] app: After Request
2022-04-21 02:51:20,170 [INFO] app: Before Request
2022-04-21 02:51:21,539 [INFO] app: Before Request
2022-04-21 02:51:21,557 [INFO] app: After Request
2022-04-21 02:51:21,581 [INFO] app: Before Request
2022-04-21 02:51:23,050 [INFO] app: Before Request
2022-04-21 02:51:23,073 [INFO] app: Browse page loading
2022-04-21 02:51:23,079 [INFO] app: After Request
2022-04-21 02:51:23,102 [INFO] app: Before Request
2022-04-21 02:51:23,123 [INFO] app: Before Request
2022-04-21 02:51:24,372 [INFO] app: Before Request
2022-04-21 02:51:24,392 [INFO] app: After Request
2022-04-21 02:51:24,420 [INFO] app: Before Request
2022-04-21 02:51:25,055 [INFO] app: Before Request
2022-04-21 02:51:25,089 [INFO] app: After Request
2022-04-21 02:51:25,114 [INFO] app: Before Request
2022-04-21 02:52:43,456 [INFO] app: Before Request
2022-04-21 02:52:43,476 [INFO] app: Browse page loading
2022-04-21 02:52:43,486 [INFO] app: After Request
2022-04-21 02:52:43,512 [INFO] app: Before Request
2022-04-21 02:52:43,534 [INFO] app: Before Request
2022-04-21 02:52:44,760 [INFO] app: Before Request
2022-04-21 02:52:44,777 [INFO] app: After Request
2022-04-21 02:52:44,800 [INFO] app: Before Request
2022-04-21 02:52:47,041 [INFO] app: Before Request
2022-04-21 02:52:47,066 [INFO] app: After Request
2022-04-21 02:52:47,089 [INFO] app: Before Request
2022-04-21 02:53:54,699 [INFO] app: Before Request
2022-04-21 02:53:54,722 [INFO] app: After Request
2022-04-21 02:53:54,745 [INFO] app: Before Request
2022-04-21 02:53:57,660 [INFO] app: Before Request
2022-04-21 02:53:57,680 [INFO] app: After Request
2022-04-21 02:53:57,702 [INFO] app: Before Request
2022-04-21 02:54:08,098 [INFO] app: Before Request
2022-04-21 02:54:08,115 [INFO] app: After Request
2022-04-21 02:54:08,141 [INFO] app: Before Request
2022-04-21 02:54:11,006 [INFO] app: Before Request
2022-04-21 02:54:11,021 [INFO] app: After Request
2022-04-21 02:54:11,043 [INFO] app: Before Request
2022-04-21 02:54:11,954 [INFO] app: Before Request
2022-04-21 02:54:11,975 [INFO] app: Browse page loading
2022-04-21 02:54:11,985 [INFO] app: After Request
2022-04-21 02:54:12,014 [INFO] app: Before Request
2022-04-21 02:54:12,039 [INFO] app: Before Request
2022-04-21 02:54:16,362 [INFO] app: Before Request
2022-04-21 02:54:16,381 [INFO] app: After Request
2022-04-21 02:54:16,403 [INFO] app: Before Request
2022-04-21 02:54:17,725 [INFO] app: Before Request
2022-04-21 02:54:17,742 [INFO] app: After Request
2022-04-21 02:54:17,764 [INFO] app: Before Request
2022-04-21 02:54:48,998 [INFO] app: Before Request
2022-04-21 02:54:49,020 [INFO] app: After Request
2022-04-21 02:54:49,037 [INFO] app: Before Request
2022-04-21 02:54:49,939 [INFO] app: Before Request
2022-04-21 02:54:49,955 [INFO] app: After Request
2022-04-21 02:54:49,971 [INFO] app: Before Request
2022-04-21 02:54:51,112 [INFO] app: Before Request
2022-04-21 02:54:51,129 [INFO] app: After Request
2022-04-21 02:54:51,150 [INFO] app: Before Request
2022-04-21 02:54:51,835 [INFO] app: Before Request
2022-04-21 02:54:51,848 [INFO] app: Browse page loading
2022-04-21 02:54:51,854 [INFO] app: After Request
2022-04-21 02:54:51,882 [INFO] app: Before Request
2022-04-21 02:54:51,901 [INFO] app: Before Request
2022-04-21 02:55:38,288 [INFO] app: Before Request
2022-04-21 02:55:38,304 [INFO] app: Browse page loading
2022-04-21 02:55:38,314 [INFO] app: After Request
2022-04-21 02:55:38,332 [INFO] app: Before Request
2022-04-21 02:55:38,356 [INFO] app: Before Request
2022-04-21 02:55:39,537 [INFO] app: Before Request
2022-04-21 02:55:39,551 [INFO] app: Browse page loading
2022-04-21 02:55:39,558 [INFO] app: After Request
2022-04-21 02:55:39,575 [INFO] app: Before Request
2022-04-21 02:55:39,597 [INFO] app: Before Request
2022-04-21 02:55:40,132 [INFO] app: Before Request
2022-04-21 02:55:40,144 [INFO] app: Browse page loading
2022-04-21 02:55:40,150 [INFO] app: After Request
2022-04-21 02:55:40,172 [INFO] app: Before Request
2022-04-21 02:55:40,198 [INFO] app: Before Request
2022-04-21 02:55:40,461 [INFO] app: Before Request
2022-04-21 02:55:40,474 [INFO] app: Browse page loading
2022-04-21 02:55:40,481 [INFO] app: After Request
2022-04-21 02:55:40,499 [INFO] app: Before Request
2022-04-21 02:55:40,519 [INFO] app: Before Request
2022-04-21 02:55:41,852 [INFO] app: Before Request
2022-04-21 02:55:41,867 [INFO] app: After Request
2022-04-21 02:55:41,894 [INFO] app: Before Request
2022-04-21 02:55:42,840 [INFO] app: Before Request
2022-04-21 02:55:42,858 [INFO] app: After Request
2022-04-21 02:55:42,883 [INFO] app: Before Request
2022-04-21 02:56:09,674 [INFO] app: Before Request
2022-04-21 02:56:09,689 [INFO] app: After Request
2022-04-21 02:56:09,706 [INFO] app: Before Request
2022-04-21 02:56:10,815 [INFO] app: Before Request
2022-04-21 02:56:10,835 [INFO] app: After Request
2022-04-21 02:56:10,853 [INFO] app: Before Request
2022-04-21 02:56:11,222 [INFO] app: Before Request
2022-04-21 02:56:11,253 [INFO] app: After Request
2022-04-21 02:56:11,274 [INFO] app: Before Request
2022-04-21 02:56:13,130 [INFO] app: Before Request
2022-04-21 02:56:13,148 [INFO] app: After Request
2022-04-21 02:56:13,163 [INFO] app: Before Request
2022-04-21 02:56:13,740 [INFO] app: Before Request
2022-04-21 02:56:13,753 [INFO] app: Browse page loading
2022-04-21 02:56:13,760 [INFO] app: After Request
2022-04-21 02:56:13,781 [INFO] app: Before Request
2022-04-21 02:56:13,798 [INFO] app: Before Request
2022-04-21 19:49:52,310 [INFO] app: Before Request
2022-04-21 19:49:52,334 [INFO] app: After Request
2022-04-21 19:49:52,367 [INFO] app: Before Request
2022-04-21 19:49:57,411 [INFO] app: Before Request
2022-04-21 19:49:57,434 [INFO] app: After Request
2022-04-21 19:49:57,454 [INFO] app: Before Request
2022-04-21 19:49:58,270 [INFO] app: Before Request
2022-04-21 19:49:58,291 [INFO] app: After Request
2022-04-21 19:49:58,317 [INFO] app: Before Request
2022-04-22 20:18:54,084 [INFO] app: Before Request
2022-04-22 20:18:54,240 [INFO] app: After Request
2022-04-22 20:18:54,298 [INFO] app: Before Request
2022-04-22 20:18:56,272 [INFO] app: Before Request
2022-04-22 20:18:56,291 [INFO] app: After Request
2022-04-22 20:18:56,315 [INFO] app: Before Request
2022-04-22 20:18:57,800 [INFO] app: Before Request
2022-04-22 20:18:57,817 [INFO] app: After Request
2022-04-22 20:18:57,837 [INFO] app: Before Request
2022-04-22 20:18:59,111 [INFO] app: Before Request
2022-04-22 20:18:59,123 [INFO] app: After Request
2022-04-22 20:18:59,149 [INFO] app: Before Request
2022-04-22 20:19:01,061 [INFO] app: Before Request
2022-04-22 20:19:01,068 [INFO] app: After Request
2022-04-22 20:19:01,084 [INFO] app: Before Request
2022-04-22 20:19:03,282 [INFO] app: Before Request
2022-04-22 20:19:03,292 [INFO] app: After Request
2022-04-22 20:19:03,308 [INFO] app: Before Request
2022-04-22 20:19:04,092 [INFO] app: Before Request
2022-04-22 20:19:04,101 [INFO] app: After Request
2022-04-22 20:19:04,124 [INFO] app: Before Request
2022-04-22 20:19:05,354 [INFO] app: Before Request
2022-04-22 20:19:05,362 [INFO] app: After Request
2022-04-22 20:19:05,384 [INFO] app: Before Request
2022-04-22 20:19:08,726 [INFO] app: Before Request
2022-04-22 20:19:08,750 [INFO] app: After Request
2022-04-22 20:19:08,775 [INFO] app: Before Request
2022-04-22 20:19:14,831 [INFO] app: Before Request
2022-04-22 20:19:14,849 [INFO] app: After Request
2022-04-22 20:19:14,874 [INFO] app: Before Request
2022-04-22 20:19:16,007 [INFO] app: Before Request
2022-04-22 20:19:16,016 [INFO] app: After Request
2022-04-22 20:19:16,040 [INFO] app: Before Request
2022-04-22 20:19:33,704 [INFO] app: Before Request
2022-04-22 20:19:33,936 [INFO] app: After Request
2022-04-22 20:19:33,947 [INFO] app: Before Request
2022-04-22 20:19:33,953 [INFO] app: After Request
2022-04-22 20:19:33,997 [INFO] app: Before Request
2022-04-22 20:19:52,836 [INFO] app: Before Request
2022-04-22 20:19:53,035 [INFO] app: After Request
2022-04-22 20:19:53,044 [INFO] app: Before Request
2022-04-22 20:19:53,067 [INFO] app: After Request
2022-04-22 20:19:53,116 [INFO] app: Before Request
2022-04-22 20:20:00,583 [INFO] app: Before Request
2022-04-22 20:20:00,603 [INFO] app: After Request
2022-04-22 20:20:00,627 [INFO] app: Before Request
2022-04-22 20:20:01,480 [INFO] app: Before Request
2022-04-22 20:20:01,500 [INFO] app: After Request
2022-04-22 20:20:01,525 [INFO] app: Before Request
2022-04-22 20:20:05,736 [INFO] app: Before Request
2022-04-22 20:20:05,768 [INFO] app: After Request
2022-04-22 20:20:05,791 [INFO] app: Before Request
2022-04-22 20:20:08,822 [INFO] app: Before Request
2022-04-22 20:20:08,853 [INFO] app: After Request
2022-04-22 20:20:08,876 [INFO] app: Before Request
2022-04-22 20:20:12,854 [INFO] app: Before Request
2022-04-22 20:20:12,870 [INFO] app: After Request
2022-04-22 20:20:12,895 [INFO] app: Before Request
2022-04-22 20:20:14,202 [INFO] app: Before Request
2022-04-22 20:20:14,218 [INFO] app: After Request
2022-04-22 20:20:14,242 [INFO] app: Before Request
2022-04-22 20:20:15,078 [INFO] app: Before Request
2022-04-22 20:20:15,095 [INFO] app: After Request
2022-04-22 20:20:15,119 [INFO] app: Before Request
2022-04-22 20:20:17,167 [INFO] app: Before Request
2022-04-22 20:20:17,189 [INFO] app: After Request
2022-04-22 20:20:17,214 [INFO] app: Before Request
2022-04-22 20:23:17,663 [INFO] app: Before Request
2022-04-22 20:23:17,697 [INFO] app: After Request
2022-04-22 20:23:17,707 [INFO] app: Before Request
2022-04-22 20:23:17,714 [INFO] app: After Request
2022-04-22 20:23:17,735 [INFO] app: Before Request
2022-04-22 20:23:32,429 [INFO] app: Before Request
2022-04-22 20:23:32,599 [INFO] app: After Request
2022-04-22 20:23:32,609 [INFO] app: Before Request
2022-04-22 20:23:32,617 [INFO] app: After Request
2022-04-22 20:23:32,635 [INFO] app: Before Request
2022-04-22 20:23:43,080 [INFO] app: Before Request
2022-04-22 20:23:43,250 [INFO] app: After Request
2022-04-22 20:23:43,260 [INFO] app: Before Request
2022-04-22 20:23:43,266 [INFO] app: After Request
2022-04-22 20:23:43,284 [INFO] app: Before Request
2022-04-22 20:23:58,063 [INFO] app: Before Request
2022-04-22 20:23:58,232 [INFO] app: After Request
2022-04-22 20:23:58,241 [INFO] app: Before Request
2022-04-22 20:23:58,250 [INFO] app: After Request
2022-04-22 20:23:58,269 [INFO] app: Before Request
2022-04-22 20:26:45,770 [INFO] app: Before Request
2022-04-22 20:26:45,780 [INFO] app: After Request
2022-04-22 20:26:45,802 [INFO] app: Before Request
2022-04-22 20:26:50,725 [INFO] app: Before Request
2022-04-22 20:26:50,738 [INFO] app: After Request
2022-04-22 20:26:50,762 [INFO] app: Before Request
2022-04-22 20:26:52,328 [INFO] app: Before Request
2022-04-22 20:26:52,339 [INFO] app: After Request
2022-04-22 20:26:52,361 [INFO] app: Before Request
2022-04-22 20:27:07,534 [INFO] app: Before Request
2022-04-22 20:27:07,788 [INFO] app: After Request
2022-04-22 20:27:07,797 [INFO] app: Before Request
2022-04-22 20:27:07,803 [INFO] app: After Request
2022-04-22 20:27:07,832 [INFO] app: Before Request
2022-04-22 20:27:18,046 [INFO] app: Before Request
2022-04-22 20:27:18,248 [INFO] app: After Request
2022-04-22 20:27:18,258 [INFO] app: Before Request
2022-04-22 20:27:18,271 [INFO] app: After Request
2022-04-22 20:27:18,319 [INFO] app: Before Request
2022-04-22 20:27:21,707 [INFO] app: Before Request
2022-04-22 20:27:21,722 [INFO] app: Browse page loading
2022-04-22 20:27:21,800 [INFO] app: After Request
2022-04-22 20:27:21,821 [INFO] app: Before Request
2022-04-22 20:27:21,840 [INFO] app: Before Request
2022-04-22 20:27:28,547 [INFO] app: Before Request
2022-04-22 20:27:28,575 [INFO] app: After Request
2022-04-22 20:27:28,599 [INFO] app: Before Request
2022-04-22 20:27:39,553 [INFO] app: Before Request
2022-04-22 20:27:39,586 [INFO] app: After Request
2022-04-22 20:27:39,595 [INFO] app: Before Request
2022-04-22 20:27:39,603 [INFO] app: After Request
2022-04-22 20:27:39,623 [INFO] app: Before Request
2022-04-22 20:27:47,172 [INFO] app: Before Request
2022-04-22 20:27:47,188 [INFO] app: After Request
2022-04-22 20:27:47,197 [INFO] app: Before Request
2022-04-22 20:27:47,206 [INFO] app: After Request
2022-04-22 20:27:47,244 [INFO] app: Before Request
2022-04-22 20:27:55,058 [INFO] app: Before Request
2022-04-22 20:27:55,070 [INFO] app: After Request
2022-04-22 20:27:55,078 [INFO] app: Before Request
2022-04-22 20:27:55,085 [INFO] app: After Request
2022-04-22 20:27:55,101 [INFO] app: Before Request
2022-04-22 20:27:59,474 [INFO] app: Before Request
2022-04-22 20:27:59,484 [INFO] app: After Request
2022-04-22 20:27:59,505 [INFO] app: Before Request
2022-04-22 20:28:08,867 [INFO] app: Before Request
2022-04-22 20:28:09,079 [INFO] app: After Request
2022-04-22 20:28:09,088 [INFO] app: Before Request
2022-04-22 20:28:09,094 [INFO] app: After Request
2022-04-22 20:28:09,123 [INFO] app: Before Request
2022-04-22 20:28:20,383 [INFO] app: Before Request
2022-04-22 20:28:20,581 [INFO] app: After Request
2022-04-22 20:28:20,590 [INFO] app: Before Request
2022-04-22 20:28:20,604 [INFO] app: After Request
2022-04-22 20:28:20,653 [INFO] app: Before Request
2022-04-22 20:28:27,940 [INFO] app: Before Request
2022-04-22 20:28:27,971 [INFO] app: After Request
2022-04-22 20:28:27,979 [INFO] app: Before Request
2022-04-22 20:28:27,986 [INFO] app: After Request
2022-04-22 20:28:28,004 [INFO] app: Before Request
2022-04-22 20:28:35,005 [INFO] app: Before Request
2022-04-22 20:28:35,214 [INFO] app: After Request
2022-04-22 20:28:35,223 [INFO] app: Before Request
2022-04-22 20:28:35,240 [INFO] app: After Request
2022-04-22 20:28:35,276 [INFO] app: Before Request
2022-04-22 20:28:39,137 [INFO] app: Before Request
2022-04-22 20:28:39,151 [INFO] app: Browse page loading
2022-04-22 20:28:39,157 [INFO] app: After Request
2022-04-22 20:28:39,178 [INFO] app: Before Request
2022-04-22 20:28:39,198 [INFO] app: Before Request
2022-04-22 20:28:45,738 [INFO] app: Before Request
2022-04-22 20:28:45,758 [INFO] app: After Request
2022-04-22 20:28:45,785 [INFO] app: Before Request
2022-04-22 20:28:59,301 [INFO] app: Before Request
2022-04-22 20:28:59,335 [INFO] app: After Request
2022-04-22 20:28:59,350 [INFO] app: Before Request
2022-04-22 20:28:59,359 [INFO] app: After Request
2022-04-22 20:28:59,381 [INFO] app: Before Request
2022-04-22 20:30:59,083 [INFO] app: Before Request
2022-04-22 20:30:59,095 [INFO] app: After Request
2022-04-22 20:30:59,119 [INFO] app: Before Request
2022-04-22 20:31:00,766 [INFO] app: Before Request
2022-04-22 20:31:00,776 [INFO] app: After Request
2022-04-22 20:31:00,794 [INFO] app: Before Request
2022-04-22 20:31:02,442 [INFO] app: Before Request
2022-04-22 20:31:02,453 [INFO] app: After Request
2022-04-22 20:31:02,471 [INFO] app: Before Request
2022-04-22 20:31:03,980 [INFO] app: Before Request
2022-04-22 20:31:03,993 [INFO] app: After Request
2022-04-22 20:31:04,015 [INFO] app: Before Request
2022-04-22 20:31:05,473 [INFO] app: Before Request
2022-04-22 20:31:05,483 [INFO] app: After Request
2022-04-22 20:31:05,505 [INFO] app: Before Request
2022-04-22 20:31:07,299 [INFO] app: Before Request
2022-04-22 20:31:07,307 [INFO] app: After Request
2022-04-22 20:31:07,327 [INFO] app: Before Request
2022-04-22 20:31:07,690 [INFO] app: Before Request
2022-04-22 20:31:07,698 [INFO] app: After Request
2022-04-22 20:31:07,715 [INFO] app: Before Request
2022-04-22 20:31:07,970 [INFO] app: Before Request
2022-04-22 20:31:07,979 [INFO] app: After Request
2022-04-22 20:31:07,997 [INFO] app: Before Request
2022-04-22 20:31:08,338 [INFO] app: Before Request
2022-04-22 20:31:08,358 [INFO] app: After Request
2022-04-22 20:31:08,397 [INFO] app: Before Request
2022-04-22 20:31:08,707 [INFO] app: Before Request
2022-04-22 20:31:08,715 [INFO] app: After Request
2022-04-22 20:31:08,729 [INFO] app: Before Request
2022-04-22 20:31:09,069 [INFO] app: Before Request
2022-04-22 20:31:09,078 [INFO] app: After Request
2022-04-22 20:31:09,095 [INFO] app: Before Request
2022-04-22 20:31:09,488 [INFO] app: Before Request
2022-04-22 20:31:09,497 [INFO] app: After Request
2022-04-22 20:31:09,511 [INFO] app: Before Request
2022-04-22 20:31:09,854 [INFO] app: Before Request
2022-04-22 20:31:09,862 [INFO] app: After Request
2022-04-22 20:31:09,880 [INFO] app: Before Request
2022-04-22 20:31:10,177 [INFO] app: Before Request
2022-04-22 20:31:10,186 [INFO] app: After Request
2022-04-22 20:31:10,200 [INFO] app: Before Request
2022-04-22 20:31:10,630 [INFO] app: Before Request
2022-04-22 20:31:10,640 [INFO] app: After Request
2022-04-22 20:31:10,657 [INFO] app: Before Request
2022-04-22 20:31:11,013 [INFO] app: Before Request
2022-04-22 20:31:11,023 [INFO] app: After Request
2022-04-22 20:31:11,040 [INFO] app: Before Request
2022-04-22 20:31:11,354 [INFO] app: Before Request
2022-04-22 20:31:11,362 [INFO] app: After Request
2022-04-22 20:31:11,380 [INFO] app: Before Request
2022-04-22 20:31:12,244 [INFO] app: Before Request
2022-04-22 20:31:12,253 [INFO] app: After Request
2022-04-22 20:31:12,267 [INFO] app: Before Request
2022-04-22 20:31:12,544 [INFO] app: Before Request
2022-04-22 20:31:12,555 [INFO] app: After Request
2022-04-22 20:31:12,578 [INFO] app: Before Request
2022-04-22 20:31:12,879 [INFO] app: Before Request
2022-04-22 20:31:12,888 [INFO] app: After Request
2022-04-22 20:31:12,904 [INFO] app: Before Request
2022-04-22 20:31:13,182 [INFO] app: Before Request
2022-04-22 20:31:13,209 [INFO] app: After Request
2022-04-22 20:31:13,225 [INFO] app: Before Request
2022-04-22 20:31:13,508 [INFO] app: Before Request
2022-04-22 20:31:13,517 [INFO] app: After Request
2022-04-22 20:31:13,533 [INFO] app: Before Request
2022-04-22 20:31:13,840 [INFO] app: Before Request
2022-04-22 20:31:13,851 [INFO] app: After Request
2022-04-22 20:31:13,871 [INFO] app: Before Request
2022-04-22 20:31:14,143 [INFO] app: Before Request
2022-04-22 20:31:14,152 [INFO] app: After Request
2022-04-22 20:31:14,169 [INFO] app: Before Request
2022-04-22 20:31:14,440 [INFO] app: Before Request
2022-04-22 20:31:14,448 [INFO] app: After Request
2022-04-22 20:31:14,465 [INFO] app: Before Request
2022-04-22 20:31:15,133 [INFO] app: Before Request
2022-04-22 20:31:15,144 [INFO] app: After Request
2022-04-22 20:31:15,168 [INFO] app: Before Request
2022-04-22 20:31:15,452 [INFO] app: Before Request
2022-04-22 20:31:15,463 [INFO] app: After Request
2022-04-22 20:31:15,481 [INFO] app: Before Request
2022-04-22 20:31:15,731 [INFO] app: Before Request
2022-04-22 20:31:15,741 [INFO] app: After Request
2022-04-22 20:31:15,756 [INFO] app: Before Request
2022-04-22 20:31:15,999 [INFO] app: Before Request
2022-04-22 20:31:16,029 [INFO] app: After Request
2022-04-22 20:31:16,045 [INFO] app: Before Request
2022-04-22 20:31:16,295 [INFO] app: Before Request
2022-04-22 20:31:16,306 [INFO] app: After Request
2022-04-22 20:31:16,325 [INFO] app: Before Request
2022-04-22 20:31:16,560 [INFO] app: Before Request
2022-04-22 20:31:16,569 [INFO] app: After Request
2022-04-22 20:31:16,586 [INFO] app: Before Request
2022-04-22 20:31:17,567 [INFO] app: Before Request
2022-04-22 20:31:17,580 [INFO] app: After Request
2022-04-22 20:31:17,602 [INFO] app: Before Request
2022-04-22 20:31:17,859 [INFO] app: Before Request
2022-04-22 20:31:17,869 [INFO] app: After Request
2022-04-22 20:31:17,894 [INFO] app: Before Request
2022-04-22 20:31:18,155 [INFO] app: Before Request
2022-04-22 20:31:18,164 [INFO] app: After Request
2022-04-22 20:31:18,178 [INFO] app: Before Request
2022-04-22 20:31:18,410 [INFO] app: Before Request
2022-04-22 20:31:18,418 [INFO] app: After Request
2022-04-22 20:31:18,435 [INFO] app: Before Request
2022-04-22 20:31:18,657 [INFO] app: Before Request
2022-04-22 20:31:18,666 [INFO] app: After Request
2022-04-22 20:31:18,680 [INFO] app: Before Request
2022-04-22 20:31:18,913 [INFO] app: Before Request
2022-04-22 20:31:18,921 [INFO] app: After Request
2022-04-22 20:31:18,942 [INFO] app: Before Request
2022-04-22 20:31:19,207 [INFO] app: Before Request
2022-04-22 20:31:19,215 [INFO] app: After Request
2022-04-22 20:31:19,229 [INFO] app: Before Request
2022-04-22 20:31:19,449 [INFO] app: Before Request
2022-04-22 20:31:19,459 [INFO] app: After Request
2022-04-22 20:31:19,480 [INFO] app: Before Request
2022-04-22 20:31:19,808 [INFO] app: Before Request
2022-04-22 20:31:19,816 [INFO] app: After Request
2022-04-22 20:31:19,830 [INFO] app: Before Request
2022-04-22 20:31:20,113 [INFO] app: Before Request
2022-04-22 20:31:20,122 [INFO] app: After Request
2022-04-22 20:31:20,140 [INFO] app: Before Request
2022-04-22 20:31:20,408 [INFO] app: Before Request
2022-04-22 20:31:20,417 [INFO] app: After Request
2022-04-22 20:31:20,433 [INFO] app: Before Request
2022-04-22 20:31:20,697 [INFO] app: Before Request
2022-04-22 20:31:20,711 [INFO] app: After Request
2022-04-22 20:31:20,729 [INFO] app: Before Request
2022-04-22 20:31:20,936 [INFO] app: Before Request
2022-04-22 20:31:20,945 [INFO] app: After Request
2022-04-22 20:31:20,961 [INFO] app: Before Request
