2022-04-20 00:17:22,336 [INFO] myrequests: Log requests
2022-04-20 00:20:16,812 [INFO] myrequests: Log requests
2022-04-20 00:23:05,605 [INFO] myrequests: Log requests
2022-04-20 00:23:05,606 [INFO] myrequests: My request Logger
2022-04-20 00:23:05,759 [INFO] myrequests: My request Logger
2022-04-20 00:23:08,314 [INFO] myrequests: My request Logger
2022-04-20 00:23:08,330 [INFO] myrequests: My request Logger
2022-04-20 00:23:10,200 [INFO] myrequests: My request Logger
2022-04-20 00:23:10,212 [INFO] myrequests: My request Logger
2022-04-20 00:24:46,506 [INFO] myrequests: Log requests
2022-04-20 00:24:46,508 [INFO] myrequests: My request Logger
2022-04-20 00:24:46,653 [INFO] myrequests: My request Logger
2022-04-20 00:24:46,703 [INFO] myrequests: Log requests
2022-04-20 00:24:46,705 [INFO] myrequests: My request Logger
2022-04-20 00:24:46,706 [INFO] myrequests: My request Logger
2022-04-20 00:24:46,709 [INFO] myrequests: My request Logger
2022-04-20 00:24:46,869 [INFO] myrequests: My request Logger
2022-04-20 00:24:46,872 [INFO] myrequests: My request Logger
2022-04-20 00:24:46,885 [INFO] myrequests: My request Logger
2022-04-20 00:24:46,987 [INFO] myrequests: Log requests
2022-04-20 00:24:46,988 [INFO] myrequests: My request Logger
2022-04-20 00:24:47,131 [INFO] myrequests: My request Logger
2022-04-20 00:24:47,164 [INFO] myrequests: Log requests
2022-04-20 00:24:47,165 [INFO] myrequests: My request Logger
2022-04-20 00:24:47,327 [INFO] myrequests: My request Logger
2022-04-20 00:24:47,359 [INFO] myrequests: Log requests
2022-04-20 00:24:47,360 [INFO] myrequests: My request Logger
2022-04-20 00:24:47,501 [INFO] myrequests: My request Logger
2022-04-20 00:24:47,540 [INFO] myrequests: Log requests
2022-04-20 00:24:47,542 [INFO] myrequests: My request Logger
2022-04-20 00:24:47,684 [INFO] myrequests: My request Logger
2022-04-20 00:24:47,717 [INFO] myrequests: Log requests
2022-04-20 00:24:47,719 [INFO] myrequests: My request Logger
2022-04-20 00:24:47,860 [INFO] myrequests: My request Logger
2022-04-20 00:24:47,892 [INFO] myrequests: Log requests
2022-04-20 00:24:47,893 [INFO] myrequests: My request Logger
2022-04-20 00:24:48,040 [INFO] myrequests: My request Logger
2022-04-20 00:24:48,079 [INFO] myrequests: Log requests
2022-04-20 00:24:48,081 [INFO] myrequests: My request Logger
2022-04-20 00:24:48,218 [INFO] myrequests: My request Logger
2022-04-20 00:24:48,252 [INFO] myrequests: Log requests
2022-04-20 00:24:48,254 [INFO] myrequests: My request Logger
2022-04-20 00:24:48,400 [INFO] myrequests: My request Logger
2022-04-20 00:47:08,437 [INFO] myrequests: Before app first request logger
2022-04-20 00:47:08,439 [INFO] myrequests: My request Logger
2022-04-20 00:47:08,580 [INFO] myrequests: After request logger
2022-04-20 00:47:08,617 [INFO] myrequests: Before app first request logger
2022-04-20 00:47:08,618 [INFO] myrequests: My request Logger
2022-04-20 00:47:08,620 [INFO] myrequests: After request logger
2022-04-20 00:47:08,623 [INFO] myrequests: My request Logger
2022-04-20 00:47:08,778 [INFO] myrequests: After request logger
2022-04-20 00:47:08,781 [INFO] myrequests: My request Logger
2022-04-20 00:47:08,794 [INFO] myrequests: After request logger
2022-04-20 00:47:08,909 [INFO] myrequests: Before app first request logger
2022-04-20 00:47:08,910 [INFO] myrequests: My request Logger
2022-04-20 00:47:09,049 [INFO] myrequests: After request logger
2022-04-20 00:47:09,089 [INFO] myrequests: Before app first request logger
2022-04-20 00:47:09,091 [INFO] myrequests: My request Logger
2022-04-20 00:47:09,261 [INFO] myrequests: After request logger
2022-04-20 00:47:09,308 [INFO] myrequests: Before app first request logger
2022-04-20 00:47:09,310 [INFO] myrequests: My request Logger
2022-04-20 00:47:09,459 [INFO] myrequests: After request logger
2022-04-20 00:47:09,494 [INFO] myrequests: Before app first request logger
2022-04-20 00:47:09,495 [INFO] myrequests: My request Logger
2022-04-20 00:47:09,632 [INFO] myrequests: After request logger
2022-04-20 00:47:09,669 [INFO] myrequests: Before app first request logger
2022-04-20 00:47:09,670 [INFO] myrequests: My request Logger
2022-04-20 00:47:09,809 [INFO] myrequests: After request logger
2022-04-20 00:47:09,845 [INFO] myrequests: Before app first request logger
2022-04-20 00:47:09,846 [INFO] myrequests: My request Logger
2022-04-20 00:47:09,981 [INFO] myrequests: After request logger
2022-04-20 00:47:10,013 [INFO] myrequests: Before app first request logger
2022-04-20 00:47:10,014 [INFO] myrequests: My request Logger
2022-04-20 00:47:10,152 [INFO] myrequests: After request logger
2022-04-20 00:47:10,187 [INFO] myrequests: Before app first request logger
2022-04-20 00:47:10,188 [INFO] myrequests: My request Logger
2022-04-20 16:28:50,944 [INFO] myrequests: Before app first request logger
2022-04-20 16:28:50,945 [INFO] myrequests: My request Logger
2022-04-20 16:28:51,100 [INFO] myrequests: After request logger
2022-04-20 16:29:02,678 [INFO] myrequests: My request Logger
2022-04-20 16:29:02,927 [INFO] myrequests: After request logger
2022-04-20 16:29:02,934 [INFO] myrequests: My request Logger
2022-04-20 16:29:02,951 [INFO] myrequests: After request logger
2022-04-20 16:30:50,311 [INFO] myrequests: My request Logger
2022-04-20 16:30:50,323 [INFO] myrequests: After request logger
2022-04-20 16:31:01,638 [INFO] myrequests: My request Logger
2022-04-20 16:31:01,844 [INFO] myrequests: After request logger
2022-04-20 16:31:01,854 [INFO] myrequests: My request Logger
2022-04-20 16:31:01,861 [INFO] myrequests: After request logger
2022-04-20 16:35:46,807 [INFO] myrequests: My request Logger
2022-04-20 16:35:46,817 [INFO] myrequests: After request logger
2022-04-20 16:35:50,205 [INFO] myrequests: My request Logger
2022-04-20 16:35:50,213 [INFO] myrequests: After request logger
2022-04-20 16:35:59,537 [INFO] myrequests: My request Logger
2022-04-20 16:35:59,752 [INFO] myrequests: After request logger
2022-04-20 16:35:59,759 [INFO] myrequests: My request Logger
2022-04-20 16:35:59,767 [INFO] myrequests: After request logger
2022-04-21 01:45:17,516 [INFO] myrequests: My request Logger
2022-04-21 01:45:17,531 [INFO] myrequests: After request logger
2022-04-21 01:45:33,210 [INFO] myrequests: My request Logger
2022-04-21 01:45:33,218 [INFO] myrequests: After request logger
2022-04-21 01:45:44,382 [INFO] myrequests: My request Logger
2022-04-21 01:45:44,583 [INFO] myrequests: After request logger
2022-04-21 01:45:44,592 [INFO] myrequests: My request Logger
2022-04-21 01:45:44,599 [INFO] myrequests: After request logger
2022-04-21 02:06:14,249 [INFO] myrequests: My request Logger
2022-04-21 02:06:14,257 [INFO] myrequests: After request logger
2022-04-21 02:06:15,530 [INFO] myrequests: My request Logger
2022-04-21 02:06:15,539 [INFO] myrequests: After request logger
2022-04-21 02:06:17,275 [INFO] myrequests: My request Logger
2022-04-21 02:06:17,284 [INFO] myrequests: After request logger
2022-04-21 02:06:37,400 [INFO] myrequests: My request Logger
2022-04-21 02:06:37,575 [INFO] myrequests: After request logger
2022-04-21 02:06:37,583 [INFO] myrequests: My request Logger
2022-04-21 02:06:37,592 [INFO] myrequests: After request logger
2022-04-21 02:07:04,270 [INFO] myrequests: My request Logger
2022-04-21 02:07:04,439 [INFO] myrequests: After request logger
2022-04-21 02:07:04,448 [INFO] myrequests: My request Logger
2022-04-21 02:07:04,455 [INFO] myrequests: After request logger
2022-04-21 02:07:15,142 [INFO] myrequests: My request Logger
2022-04-21 02:07:15,329 [INFO] myrequests: After request logger
2022-04-21 02:07:15,337 [INFO] myrequests: My request Logger
2022-04-21 02:07:15,343 [INFO] myrequests: After request logger
2022-04-21 02:07:18,806 [INFO] myrequests: My request Logger
2022-04-21 02:07:18,814 [INFO] myrequests: After request logger
2022-04-21 02:07:44,369 [INFO] myrequests: My request Logger
2022-04-21 02:07:44,580 [INFO] myrequests: After request logger
2022-04-21 02:07:44,591 [INFO] myrequests: My request Logger
2022-04-21 02:07:44,598 [INFO] myrequests: After request logger
2022-04-21 02:08:08,127 [INFO] myrequests: My request Logger
2022-04-21 02:08:08,291 [INFO] myrequests: After request logger
2022-04-21 02:08:08,300 [INFO] myrequests: My request Logger
2022-04-21 02:08:08,306 [INFO] myrequests: After request logger
2022-04-21 02:08:17,215 [INFO] myrequests: My request Logger
2022-04-21 02:08:17,419 [INFO] myrequests: After request logger
2022-04-21 02:08:17,428 [INFO] myrequests: My request Logger
2022-04-21 02:08:17,449 [INFO] myrequests: After request logger
2022-04-21 02:08:24,472 [INFO] myrequests: My request Logger
2022-04-21 02:08:24,495 [INFO] myrequests: After request logger
2022-04-21 02:08:27,837 [INFO] myrequests: My request Logger
2022-04-21 02:08:27,859 [INFO] myrequests: After request logger
2022-04-21 02:08:41,153 [INFO] myrequests: My request Logger
2022-04-21 02:08:41,182 [INFO] myrequests: After request logger
2022-04-21 02:08:41,190 [INFO] myrequests: My request Logger
2022-04-21 02:08:41,206 [INFO] myrequests: After request logger
2022-04-21 02:08:44,929 [INFO] myrequests: My request Logger
2022-04-21 02:08:44,959 [INFO] myrequests: After request logger
2022-04-21 02:08:46,824 [INFO] myrequests: My request Logger
2022-04-21 02:08:46,840 [INFO] myrequests: After request logger
2022-04-21 02:08:52,467 [INFO] myrequests: My request Logger
2022-04-21 02:08:52,499 [INFO] myrequests: After request logger
2022-04-21 02:08:52,506 [INFO] myrequests: My request Logger
2022-04-21 02:08:52,512 [INFO] myrequests: After request logger
2022-04-21 02:08:54,474 [INFO] myrequests: My request Logger
2022-04-21 02:08:54,492 [INFO] myrequests: After request logger
2022-04-21 02:08:55,468 [INFO] myrequests: My request Logger
2022-04-21 02:08:55,487 [INFO] myrequests: After request logger
2022-04-21 02:08:56,565 [INFO] myrequests: My request Logger
2022-04-21 02:08:56,588 [INFO] myrequests: After request logger
2022-04-21 02:13:56,974 [INFO] myrequests: My request Logger
2022-04-21 02:13:56,983 [INFO] myrequests: After request logger
2022-04-21 02:14:02,912 [INFO] myrequests: My request Logger
2022-04-21 02:14:02,924 [INFO] myrequests: After request logger
2022-04-21 02:14:04,231 [INFO] myrequests: My request Logger
2022-04-21 02:14:04,242 [INFO] myrequests: After request logger
2022-04-21 02:14:07,638 [INFO] myrequests: My request Logger
2022-04-21 02:14:07,646 [INFO] myrequests: After request logger
2022-04-21 02:14:18,717 [INFO] myrequests: My request Logger
2022-04-21 02:14:18,923 [INFO] myrequests: After request logger
2022-04-21 02:14:18,931 [INFO] myrequests: My request Logger
2022-04-21 02:14:18,946 [INFO] myrequests: After request logger
2022-04-21 02:14:28,862 [INFO] myrequests: My request Logger
2022-04-21 02:14:28,881 [INFO] myrequests: After request logger
2022-04-21 02:29:12,345 [INFO] myrequests: My request Logger
2022-04-21 02:29:12,365 [INFO] myrequests: After request logger
2022-04-21 02:29:13,630 [INFO] myrequests: My request Logger
2022-04-21 02:29:13,649 [INFO] myrequests: After request logger
2022-04-21 02:29:14,848 [INFO] myrequests: My request Logger
2022-04-21 02:29:14,873 [INFO] myrequests: After request logger
2022-04-21 02:29:17,217 [INFO] myrequests: My request Logger
2022-04-21 02:29:17,234 [INFO] myrequests: After request logger
2022-04-21 02:29:19,263 [INFO] myrequests: My request Logger
2022-04-21 02:29:19,297 [INFO] myrequests: After request logger
2022-04-21 02:29:19,305 [INFO] myrequests: My request Logger
2022-04-21 02:29:19,313 [INFO] myrequests: After request logger
2022-04-21 02:29:27,055 [INFO] myrequests: My request Logger
2022-04-21 02:29:27,257 [INFO] myrequests: After request logger
2022-04-21 02:29:27,267 [INFO] myrequests: My request Logger
2022-04-21 02:29:27,281 [INFO] myrequests: After request logger
2022-04-21 02:29:33,766 [INFO] myrequests: My request Logger
2022-04-21 02:29:33,782 [INFO] myrequests: After request logger
2022-04-21 02:29:38,066 [INFO] myrequests: My request Logger
2022-04-21 02:29:38,083 [INFO] myrequests: After request logger
2022-04-21 02:29:38,961 [INFO] myrequests: My request Logger
2022-04-21 02:29:38,975 [INFO] myrequests: After request logger
2022-04-21 02:29:39,202 [INFO] myrequests: My request Logger
2022-04-21 02:29:39,217 [INFO] myrequests: After request logger
2022-04-21 02:29:39,420 [INFO] myrequests: My request Logger
2022-04-21 02:29:39,437 [INFO] myrequests: After request logger
2022-04-21 02:29:45,769 [INFO] myrequests: My request Logger
2022-04-21 02:29:45,803 [INFO] myrequests: After request logger
2022-04-21 02:29:45,810 [INFO] myrequests: My request Logger
2022-04-21 02:29:45,818 [INFO] myrequests: After request logger
2022-04-21 02:29:54,441 [INFO] myrequests: My request Logger
2022-04-21 02:29:54,608 [INFO] myrequests: After request logger
2022-04-21 02:29:54,617 [INFO] myrequests: My request Logger
2022-04-21 02:29:54,624 [INFO] myrequests: After request logger
2022-04-21 02:30:04,611 [INFO] myrequests: My request Logger
2022-04-21 02:30:04,805 [INFO] myrequests: After request logger
2022-04-21 02:30:04,814 [INFO] myrequests: My request Logger
2022-04-21 02:30:04,821 [INFO] myrequests: After request logger
2022-04-21 02:30:14,852 [INFO] myrequests: My request Logger
2022-04-21 02:30:15,022 [INFO] myrequests: After request logger
2022-04-21 02:30:15,030 [INFO] myrequests: My request Logger
2022-04-21 02:30:15,037 [INFO] myrequests: After request logger
2022-04-21 02:30:25,530 [INFO] myrequests: My request Logger
2022-04-21 02:30:25,697 [INFO] myrequests: After request logger
2022-04-21 02:30:25,706 [INFO] myrequests: My request Logger
2022-04-21 02:30:25,714 [INFO] myrequests: After request logger
2022-04-21 02:30:35,155 [INFO] myrequests: My request Logger
2022-04-21 02:30:35,323 [INFO] myrequests: After request logger
2022-04-21 02:30:35,333 [INFO] myrequests: My request Logger
2022-04-21 02:30:35,340 [INFO] myrequests: After request logger
2022-04-21 02:31:42,358 [INFO] myrequests: My request Logger
2022-04-21 02:31:42,556 [INFO] myrequests: After request logger
2022-04-21 02:31:42,567 [INFO] myrequests: My request Logger
2022-04-21 02:31:42,583 [INFO] myrequests: After request logger
2022-04-21 02:31:48,582 [INFO] myrequests: My request Logger
2022-04-21 02:31:48,611 [INFO] myrequests: After request logger
2022-04-21 02:31:49,497 [INFO] myrequests: My request Logger
2022-04-21 02:31:49,511 [INFO] myrequests: After request logger
2022-04-21 02:31:50,894 [INFO] myrequests: My request Logger
2022-04-21 02:31:50,911 [INFO] myrequests: After request logger
2022-04-21 02:31:51,562 [INFO] myrequests: My request Logger
2022-04-21 02:31:51,576 [INFO] myrequests: After request logger
2022-04-21 02:31:51,742 [INFO] myrequests: My request Logger
2022-04-21 02:31:51,758 [INFO] myrequests: After request logger
2022-04-21 02:31:56,064 [INFO] myrequests: My request Logger
2022-04-21 02:31:56,083 [INFO] myrequests: After request logger
2022-04-21 02:31:58,495 [INFO] myrequests: My request Logger
2022-04-21 02:31:58,509 [INFO] myrequests: After request logger
2022-04-21 02:40:37,271 [INFO] myrequests: My request Logger
2022-04-21 02:40:37,297 [INFO] myrequests: After request logger
2022-04-21 02:40:39,300 [INFO] myrequests: My request Logger
2022-04-21 02:40:39,316 [INFO] myrequests: After request logger
2022-04-21 02:41:01,879 [INFO] myrequests: My request Logger
2022-04-21 02:41:02,094 [INFO] myrequests: After request logger
2022-04-21 02:41:02,102 [INFO] myrequests: My request Logger
2022-04-21 02:41:02,118 [INFO] myrequests: After request logger
2022-04-21 02:41:12,894 [INFO] myrequests: My request Logger
2022-04-21 02:41:13,095 [INFO] myrequests: After request logger
2022-04-21 02:41:13,104 [INFO] myrequests: My request Logger
2022-04-21 02:41:13,118 [INFO] myrequests: After request logger
2022-04-21 02:41:19,005 [INFO] myrequests: My request Logger
2022-04-21 02:41:19,109 [INFO] myrequests: After request logger
2022-04-21 02:41:19,134 [INFO] myrequests: My request Logger
2022-04-21 02:41:19,461 [INFO] myrequests: My request Logger
2022-04-21 02:41:19,480 [INFO] myrequests: After request logger
2022-04-21 02:41:19,500 [INFO] myrequests: My request Logger
2022-04-21 02:41:48,246 [INFO] myrequests: My request Logger
2022-04-21 02:41:48,275 [INFO] myrequests: After request logger
2022-04-21 02:41:53,620 [INFO] myrequests: My request Logger
2022-04-21 02:41:53,643 [INFO] myrequests: After request logger
2022-04-21 02:41:53,672 [INFO] myrequests: My request Logger
2022-04-21 02:41:57,442 [INFO] myrequests: My request Logger
2022-04-21 02:41:57,465 [INFO] myrequests: After request logger
2022-04-21 02:42:09,680 [INFO] myrequests: My request Logger
2022-04-21 02:42:09,707 [INFO] myrequests: After request logger
2022-04-21 02:42:09,720 [INFO] myrequests: My request Logger
2022-04-21 02:42:09,736 [INFO] myrequests: After request logger
2022-04-21 02:42:09,766 [INFO] myrequests: My request Logger
2022-04-21 02:42:17,597 [INFO] myrequests: My request Logger
2022-04-21 02:42:17,617 [INFO] myrequests: After request logger
2022-04-21 02:42:22,076 [INFO] myrequests: My request Logger
2022-04-21 02:42:22,092 [INFO] myrequests: After request logger
2022-04-21 02:42:26,340 [INFO] myrequests: My request Logger
2022-04-21 02:42:26,370 [INFO] myrequests: After request logger
2022-04-21 02:42:26,378 [INFO] myrequests: My request Logger
2022-04-21 02:42:26,386 [INFO] myrequests: After request logger
2022-04-21 02:42:39,839 [INFO] myrequests: My request Logger
2022-04-21 02:42:39,851 [INFO] myrequests: After request logger
2022-04-21 02:42:39,862 [INFO] myrequests: My request Logger
2022-04-21 02:42:39,870 [INFO] myrequests: After request logger
2022-04-21 02:42:42,720 [INFO] myrequests: My request Logger
2022-04-21 02:42:42,729 [INFO] myrequests: After request logger
2022-04-21 02:42:54,809 [INFO] myrequests: My request Logger
2022-04-21 02:42:55,020 [INFO] myrequests: After request logger
2022-04-21 02:42:55,029 [INFO] myrequests: My request Logger
2022-04-21 02:42:55,035 [INFO] myrequests: After request logger
2022-04-21 02:43:11,786 [INFO] myrequests: My request Logger
2022-04-21 02:43:11,981 [INFO] myrequests: After request logger
2022-04-21 02:43:11,990 [INFO] myrequests: My request Logger
2022-04-21 02:43:12,003 [INFO] myrequests: After request logger
2022-04-21 02:43:15,120 [INFO] myrequests: My request Logger
2022-04-21 02:43:15,142 [INFO] myrequests: After request logger
2022-04-21 02:43:15,168 [INFO] myrequests: My request Logger
2022-04-21 02:43:52,578 [INFO] myrequests: My request Logger
2022-04-21 02:43:52,611 [INFO] myrequests: After request logger
2022-04-21 02:47:15,929 [INFO] myrequests: My request Logger
2022-04-21 02:47:15,968 [INFO] myrequests: After request logger
2022-04-21 02:47:16,062 [INFO] myrequests: My request Logger
2022-04-21 02:47:23,796 [INFO] myrequests: My request Logger
2022-04-21 02:47:23,813 [INFO] myrequests: After request logger
2022-04-21 02:47:24,992 [INFO] myrequests: My request Logger
2022-04-21 02:47:25,011 [INFO] myrequests: After request logger
2022-04-21 02:47:25,052 [INFO] myrequests: My request Logger
2022-04-21 02:47:26,274 [INFO] myrequests: My request Logger
2022-04-21 02:47:26,286 [INFO] myrequests: After request logger
2022-04-21 02:47:26,963 [INFO] myrequests: My request Logger
2022-04-21 02:47:26,982 [INFO] myrequests: After request logger
2022-04-21 02:49:05,841 [INFO] myrequests: My request Logger
2022-04-21 02:49:05,879 [INFO] myrequests: After request logger
2022-04-21 02:49:05,898 [INFO] myrequests: My request Logger
2022-04-21 02:49:09,744 [INFO] myrequests: My request Logger
2022-04-21 02:49:09,762 [INFO] myrequests: After request logger
2022-04-21 02:49:09,786 [INFO] myrequests: My request Logger
2022-04-21 02:49:10,835 [INFO] myrequests: My request Logger
2022-04-21 02:49:10,853 [INFO] myrequests: After request logger
2022-04-21 02:49:10,884 [INFO] myrequests: My request Logger
2022-04-21 02:49:11,878 [INFO] myrequests: My request Logger
2022-04-21 02:49:11,898 [INFO] myrequests: After request logger
2022-04-21 02:49:11,922 [INFO] myrequests: My request Logger
2022-04-21 02:49:11,941 [INFO] myrequests: My request Logger
2022-04-21 02:49:54,883 [INFO] myrequests: My request Logger
2022-04-21 02:49:54,908 [INFO] myrequests: After request logger
2022-04-21 02:49:54,924 [INFO] myrequests: My request Logger
2022-04-21 02:49:54,945 [INFO] myrequests: My request Logger
2022-04-21 02:49:55,888 [INFO] myrequests: My request Logger
2022-04-21 02:49:55,909 [INFO] myrequests: After request logger
2022-04-21 02:49:55,926 [INFO] myrequests: My request Logger
2022-04-21 02:49:55,946 [INFO] myrequests: My request Logger
2022-04-21 02:49:56,117 [INFO] myrequests: My request Logger
2022-04-21 02:49:56,137 [INFO] myrequests: After request logger
2022-04-21 02:49:56,154 [INFO] myrequests: My request Logger
2022-04-21 02:49:56,173 [INFO] myrequests: My request Logger
2022-04-21 02:49:56,444 [INFO] myrequests: My request Logger
2022-04-21 02:49:56,466 [INFO] myrequests: After request logger
2022-04-21 02:49:56,484 [INFO] myrequests: My request Logger
2022-04-21 02:49:56,508 [INFO] myrequests: My request Logger
2022-04-21 02:50:32,426 [INFO] myrequests: My request Logger
2022-04-21 02:50:32,459 [INFO] myrequests: After request logger
2022-04-21 02:50:32,477 [INFO] myrequests: My request Logger
2022-04-21 02:50:32,504 [INFO] myrequests: My request Logger
2022-04-21 02:50:49,244 [INFO] myrequests: My request Logger
2022-04-21 02:50:49,261 [INFO] myrequests: After request logger
2022-04-21 02:50:49,291 [INFO] myrequests: My request Logger
2022-04-21 02:50:50,692 [INFO] myrequests: My request Logger
2022-04-21 02:50:50,715 [INFO] myrequests: After request logger
2022-04-21 02:50:50,739 [INFO] myrequests: My request Logger
2022-04-21 02:50:53,302 [INFO] myrequests: My request Logger
2022-04-21 02:50:53,318 [INFO] myrequests: After request logger
2022-04-21 02:50:53,339 [INFO] myrequests: My request Logger
2022-04-21 02:50:54,639 [INFO] myrequests: My request Logger
2022-04-21 02:50:54,654 [INFO] myrequests: After request logger
2022-04-21 02:50:54,673 [INFO] myrequests: My request Logger
2022-04-21 02:50:55,772 [INFO] myrequests: My request Logger
2022-04-21 02:50:55,787 [INFO] myrequests: After request logger
2022-04-21 02:50:55,809 [INFO] myrequests: My request Logger
2022-04-21 02:50:57,349 [INFO] myrequests: My request Logger
2022-04-21 02:50:57,365 [INFO] myrequests: After request logger
2022-04-21 02:50:57,383 [INFO] myrequests: My request Logger
2022-04-21 02:51:18,915 [INFO] myrequests: My request Logger
2022-04-21 02:51:18,950 [INFO] myrequests: After request logger
2022-04-21 02:51:18,978 [INFO] myrequests: My request Logger
2022-04-21 02:51:20,128 [INFO] myrequests: My request Logger
2022-04-21 02:51:20,146 [INFO] myrequests: After request logger
2022-04-21 02:51:20,172 [INFO] myrequests: My request Logger
2022-04-21 02:51:21,542 [INFO] myrequests: My request Logger
2022-04-21 02:51:21,559 [INFO] myrequests: After request logger
2022-04-21 02:51:21,582 [INFO] myrequests: My request Logger
2022-04-21 02:51:23,058 [INFO] myrequests: My request Logger
2022-04-21 02:51:23,080 [INFO] myrequests: After request logger
2022-04-21 02:51:23,104 [INFO] myrequests: My request Logger
2022-04-21 02:51:23,124 [INFO] myrequests: My request Logger
2022-04-21 02:51:24,374 [INFO] myrequests: My request Logger
2022-04-21 02:51:24,395 [INFO] myrequests: After request logger
2022-04-21 02:51:24,421 [INFO] myrequests: My request Logger
2022-04-21 02:51:25,071 [INFO] myrequests: My request Logger
2022-04-21 02:51:25,089 [INFO] myrequests: After request logger
2022-04-21 02:51:25,115 [INFO] myrequests: My request Logger
2022-04-21 02:52:43,459 [INFO] myrequests: My request Logger
2022-04-21 02:52:43,487 [INFO] myrequests: After request logger
2022-04-21 02:52:43,514 [INFO] myrequests: My request Logger
2022-04-21 02:52:43,535 [INFO] myrequests: My request Logger
2022-04-21 02:52:44,763 [INFO] myrequests: My request Logger
2022-04-21 02:52:44,778 [INFO] myrequests: After request logger
2022-04-21 02:52:44,801 [INFO] myrequests: My request Logger
2022-04-21 02:52:47,049 [INFO] myrequests: My request Logger
2022-04-21 02:52:47,067 [INFO] myrequests: After request logger
2022-04-21 02:52:47,092 [INFO] myrequests: My request Logger
2022-04-21 02:53:54,701 [INFO] myrequests: My request Logger
2022-04-21 02:53:54,723 [INFO] myrequests: After request logger
2022-04-21 02:53:54,751 [INFO] myrequests: My request Logger
2022-04-21 02:53:57,662 [INFO] myrequests: My request Logger
2022-04-21 02:53:57,681 [INFO] myrequests: After request logger
2022-04-21 02:53:57,703 [INFO] myrequests: My request Logger
2022-04-21 02:54:08,100 [INFO] myrequests: My request Logger
2022-04-21 02:54:08,116 [INFO] myrequests: After request logger
2022-04-21 02:54:08,145 [INFO] myrequests: My request Logger
2022-04-21 02:54:11,008 [INFO] myrequests: My request Logger
2022-04-21 02:54:11,023 [INFO] myrequests: After request logger
2022-04-21 02:54:11,045 [INFO] myrequests: My request Logger
2022-04-21 02:54:11,961 [INFO] myrequests: My request Logger
2022-04-21 02:54:11,987 [INFO] myrequests: After request logger
2022-04-21 02:54:12,020 [INFO] myrequests: My request Logger
2022-04-21 02:54:12,041 [INFO] myrequests: My request Logger
2022-04-21 02:54:16,364 [INFO] myrequests: My request Logger
2022-04-21 02:54:16,382 [INFO] myrequests: After request logger
2022-04-21 02:54:16,406 [INFO] myrequests: My request Logger
2022-04-21 02:54:17,728 [INFO] myrequests: My request Logger
2022-04-21 02:54:17,743 [INFO] myrequests: After request logger
2022-04-21 02:54:17,765 [INFO] myrequests: My request Logger
2022-04-21 02:54:49,000 [INFO] myrequests: My request Logger
2022-04-21 02:54:49,021 [INFO] myrequests: After request logger
2022-04-21 02:54:49,040 [INFO] myrequests: My request Logger
2022-04-21 02:54:49,941 [INFO] myrequests: My request Logger
2022-04-21 02:54:49,956 [INFO] myrequests: After request logger
2022-04-21 02:54:49,974 [INFO] myrequests: My request Logger
2022-04-21 02:54:51,114 [INFO] myrequests: My request Logger
2022-04-21 02:54:51,129 [INFO] myrequests: After request logger
2022-04-21 02:54:51,151 [INFO] myrequests: My request Logger
2022-04-21 02:54:51,837 [INFO] myrequests: My request Logger
2022-04-21 02:54:51,855 [INFO] myrequests: After request logger
2022-04-21 02:54:51,885 [INFO] myrequests: My request Logger
2022-04-21 02:54:51,902 [INFO] myrequests: My request Logger
2022-04-21 02:55:38,289 [INFO] myrequests: My request Logger
2022-04-21 02:55:38,315 [INFO] myrequests: After request logger
2022-04-21 02:55:38,334 [INFO] myrequests: My request Logger
2022-04-21 02:55:38,357 [INFO] myrequests: My request Logger
2022-04-21 02:55:39,538 [INFO] myrequests: My request Logger
2022-04-21 02:55:39,559 [INFO] myrequests: After request logger
2022-04-21 02:55:39,577 [INFO] myrequests: My request Logger
2022-04-21 02:55:39,598 [INFO] myrequests: My request Logger
2022-04-21 02:55:40,133 [INFO] myrequests: My request Logger
2022-04-21 02:55:40,151 [INFO] myrequests: After request logger
2022-04-21 02:55:40,177 [INFO] myrequests: My request Logger
2022-04-21 02:55:40,199 [INFO] myrequests: My request Logger
2022-04-21 02:55:40,462 [INFO] myrequests: My request Logger
2022-04-21 02:55:40,482 [INFO] myrequests: After request logger
2022-04-21 02:55:40,500 [INFO] myrequests: My request Logger
2022-04-21 02:55:40,520 [INFO] myrequests: My request Logger
2022-04-21 02:55:41,853 [INFO] myrequests: My request Logger
2022-04-21 02:55:41,869 [INFO] myrequests: After request logger
2022-04-21 02:55:41,898 [INFO] myrequests: My request Logger
2022-04-21 02:55:42,844 [INFO] myrequests: My request Logger
2022-04-21 02:55:42,860 [INFO] myrequests: After request logger
2022-04-21 02:55:42,886 [INFO] myrequests: My request Logger
2022-04-21 02:56:09,676 [INFO] myrequests: My request Logger
2022-04-21 02:56:09,690 [INFO] myrequests: After request logger
2022-04-21 02:56:09,708 [INFO] myrequests: My request Logger
2022-04-21 02:56:10,821 [INFO] myrequests: My request Logger
2022-04-21 02:56:10,836 [INFO] myrequests: After request logger
2022-04-21 02:56:10,855 [INFO] myrequests: My request Logger
2022-04-21 02:56:11,240 [INFO] myrequests: My request Logger
2022-04-21 02:56:11,255 [INFO] myrequests: After request logger
2022-04-21 02:56:11,275 [INFO] myrequests: My request Logger
2022-04-21 02:56:13,131 [INFO] myrequests: My request Logger
2022-04-21 02:56:13,148 [INFO] myrequests: After request logger
2022-04-21 02:56:13,164 [INFO] myrequests: My request Logger
2022-04-21 02:56:13,741 [INFO] myrequests: My request Logger
2022-04-21 02:56:13,761 [INFO] myrequests: After request logger
2022-04-21 02:56:13,783 [INFO] myrequests: My request Logger
2022-04-21 02:56:13,799 [INFO] myrequests: My request Logger
2022-04-21 19:49:52,312 [INFO] myrequests: My request Logger
2022-04-21 19:49:52,336 [INFO] myrequests: After request logger
2022-04-21 19:49:52,369 [INFO] myrequests: My request Logger
2022-04-21 19:49:57,412 [INFO] myrequests: My request Logger
2022-04-21 19:49:57,435 [INFO] myrequests: After request logger
2022-04-21 19:49:57,456 [INFO] myrequests: My request Logger
2022-04-21 19:49:58,273 [INFO] myrequests: My request Logger
2022-04-21 19:49:58,293 [INFO] myrequests: After request logger
2022-04-21 19:49:58,321 [INFO] myrequests: My request Logger
2022-04-22 20:18:54,083 [INFO] myrequests: Before app first request logger
2022-04-22 20:18:54,085 [INFO] myrequests: My request Logger
2022-04-22 20:18:54,241 [INFO] myrequests: After request logger
2022-04-22 20:18:54,300 [INFO] myrequests: My request Logger
2022-04-22 20:18:56,273 [INFO] myrequests: My request Logger
2022-04-22 20:18:56,293 [INFO] myrequests: After request logger
2022-04-22 20:18:56,318 [INFO] myrequests: My request Logger
2022-04-22 20:18:57,803 [INFO] myrequests: My request Logger
2022-04-22 20:18:57,819 [INFO] myrequests: After request logger
2022-04-22 20:18:57,839 [INFO] myrequests: My request Logger
2022-04-22 20:18:59,113 [INFO] myrequests: My request Logger
2022-04-22 20:18:59,124 [INFO] myrequests: After request logger
2022-04-22 20:18:59,150 [INFO] myrequests: My request Logger
2022-04-22 20:19:01,062 [INFO] myrequests: My request Logger
2022-04-22 20:19:01,069 [INFO] myrequests: After request logger
2022-04-22 20:19:01,086 [INFO] myrequests: My request Logger
2022-04-22 20:19:03,285 [INFO] myrequests: My request Logger
2022-04-22 20:19:03,294 [INFO] myrequests: After request logger
2022-04-22 20:19:03,311 [INFO] myrequests: My request Logger
2022-04-22 20:19:04,093 [INFO] myrequests: My request Logger
2022-04-22 20:19:04,103 [INFO] myrequests: After request logger
2022-04-22 20:19:04,126 [INFO] myrequests: My request Logger
2022-04-22 20:19:05,356 [INFO] myrequests: My request Logger
2022-04-22 20:19:05,363 [INFO] myrequests: After request logger
2022-04-22 20:19:05,385 [INFO] myrequests: My request Logger
2022-04-22 20:19:08,731 [INFO] myrequests: My request Logger
2022-04-22 20:19:08,751 [INFO] myrequests: After request logger
2022-04-22 20:19:08,776 [INFO] myrequests: My request Logger
2022-04-22 20:19:14,833 [INFO] myrequests: My request Logger
2022-04-22 20:19:14,851 [INFO] myrequests: After request logger
2022-04-22 20:19:14,878 [INFO] myrequests: My request Logger
2022-04-22 20:19:16,009 [INFO] myrequests: My request Logger
2022-04-22 20:19:16,017 [INFO] myrequests: After request logger
2022-04-22 20:19:16,042 [INFO] myrequests: My request Logger
2022-04-22 20:19:33,705 [INFO] myrequests: My request Logger
2022-04-22 20:19:33,938 [INFO] myrequests: After request logger
2022-04-22 20:19:33,947 [INFO] myrequests: My request Logger
2022-04-22 20:19:33,954 [INFO] myrequests: After request logger
2022-04-22 20:19:34,001 [INFO] myrequests: My request Logger
2022-04-22 20:19:52,838 [INFO] myrequests: My request Logger
2022-04-22 20:19:53,036 [INFO] myrequests: After request logger
2022-04-22 20:19:53,044 [INFO] myrequests: My request Logger
2022-04-22 20:19:53,067 [INFO] myrequests: After request logger
2022-04-22 20:19:53,118 [INFO] myrequests: My request Logger
2022-04-22 20:20:00,586 [INFO] myrequests: My request Logger
2022-04-22 20:20:00,604 [INFO] myrequests: After request logger
2022-04-22 20:20:00,628 [INFO] myrequests: My request Logger
2022-04-22 20:20:01,484 [INFO] myrequests: My request Logger
2022-04-22 20:20:01,501 [INFO] myrequests: After request logger
2022-04-22 20:20:01,529 [INFO] myrequests: My request Logger
2022-04-22 20:20:05,739 [INFO] myrequests: My request Logger
2022-04-22 20:20:05,769 [INFO] myrequests: After request logger
2022-04-22 20:20:05,793 [INFO] myrequests: My request Logger
2022-04-22 20:20:08,825 [INFO] myrequests: My request Logger
2022-04-22 20:20:08,854 [INFO] myrequests: After request logger
2022-04-22 20:20:08,878 [INFO] myrequests: My request Logger
2022-04-22 20:20:12,855 [INFO] myrequests: My request Logger
2022-04-22 20:20:12,871 [INFO] myrequests: After request logger
2022-04-22 20:20:12,896 [INFO] myrequests: My request Logger
2022-04-22 20:20:14,205 [INFO] myrequests: My request Logger
2022-04-22 20:20:14,219 [INFO] myrequests: After request logger
2022-04-22 20:20:14,245 [INFO] myrequests: My request Logger
2022-04-22 20:20:15,081 [INFO] myrequests: My request Logger
2022-04-22 20:20:15,096 [INFO] myrequests: After request logger
2022-04-22 20:20:15,120 [INFO] myrequests: My request Logger
2022-04-22 20:20:17,171 [INFO] myrequests: My request Logger
2022-04-22 20:20:17,190 [INFO] myrequests: After request logger
2022-04-22 20:20:17,216 [INFO] myrequests: My request Logger
2022-04-22 20:23:17,669 [INFO] myrequests: My request Logger
2022-04-22 20:23:17,699 [INFO] myrequests: After request logger
2022-04-22 20:23:17,708 [INFO] myrequests: My request Logger
2022-04-22 20:23:17,715 [INFO] myrequests: After request logger
2022-04-22 20:23:17,737 [INFO] myrequests: My request Logger
2022-04-22 20:23:32,431 [INFO] myrequests: My request Logger
2022-04-22 20:23:32,600 [INFO] myrequests: After request logger
2022-04-22 20:23:32,610 [INFO] myrequests: My request Logger
2022-04-22 20:23:32,618 [INFO] myrequests: After request logger
2022-04-22 20:23:32,637 [INFO] myrequests: My request Logger
2022-04-22 20:23:43,083 [INFO] myrequests: My request Logger
2022-04-22 20:23:43,251 [INFO] myrequests: After request logger
2022-04-22 20:23:43,260 [INFO] myrequests: My request Logger
2022-04-22 20:23:43,267 [INFO] myrequests: After request logger
2022-04-22 20:23:43,289 [INFO] myrequests: My request Logger
2022-04-22 20:23:58,064 [INFO] myrequests: My request Logger
2022-04-22 20:23:58,233 [INFO] myrequests: After request logger
2022-04-22 20:23:58,243 [INFO] myrequests: My request Logger
2022-04-22 20:23:58,251 [INFO] myrequests: After request logger
2022-04-22 20:23:58,270 [INFO] myrequests: My request Logger
2022-04-22 20:26:45,773 [INFO] myrequests: My request Logger
2022-04-22 20:26:45,781 [INFO] myrequests: After request logger
2022-04-22 20:26:45,804 [INFO] myrequests: My request Logger
2022-04-22 20:26:50,729 [INFO] myrequests: My request Logger
2022-04-22 20:26:50,739 [INFO] myrequests: After request logger
2022-04-22 20:26:50,764 [INFO] myrequests: My request Logger
2022-04-22 20:26:52,332 [INFO] myrequests: My request Logger
2022-04-22 20:26:52,340 [INFO] myrequests: After request logger
2022-04-22 20:26:52,363 [INFO] myrequests: My request Logger
2022-04-22 20:27:07,538 [INFO] myrequests: My request Logger
2022-04-22 20:27:07,789 [INFO] myrequests: After request logger
2022-04-22 20:27:07,798 [INFO] myrequests: My request Logger
2022-04-22 20:27:07,804 [INFO] myrequests: After request logger
2022-04-22 20:27:07,834 [INFO] myrequests: My request Logger
2022-04-22 20:27:18,055 [INFO] myrequests: My request Logger
2022-04-22 20:27:18,249 [INFO] myrequests: After request logger
2022-04-22 20:27:18,259 [INFO] myrequests: My request Logger
2022-04-22 20:27:18,272 [INFO] myrequests: After request logger
2022-04-22 20:27:18,323 [INFO] myrequests: My request Logger
2022-04-22 20:27:21,709 [INFO] myrequests: My request Logger
2022-04-22 20:27:21,801 [INFO] myrequests: After request logger
2022-04-22 20:27:21,824 [INFO] myrequests: My request Logger
2022-04-22 20:27:21,842 [INFO] myrequests: My request Logger
2022-04-22 20:27:28,548 [INFO] myrequests: My request Logger
2022-04-22 20:27:28,576 [INFO] myrequests: After request logger
2022-04-22 20:27:28,602 [INFO] myrequests: My request Logger
2022-04-22 20:27:39,555 [INFO] myrequests: My request Logger
2022-04-22 20:27:39,587 [INFO] myrequests: After request logger
2022-04-22 20:27:39,596 [INFO] myrequests: My request Logger
2022-04-22 20:27:39,604 [INFO] myrequests: After request logger
2022-04-22 20:27:39,625 [INFO] myrequests: My request Logger
2022-04-22 20:27:47,176 [INFO] myrequests: My request Logger
2022-04-22 20:27:47,189 [INFO] myrequests: After request logger
2022-04-22 20:27:47,199 [INFO] myrequests: My request Logger
2022-04-22 20:27:47,207 [INFO] myrequests: After request logger
2022-04-22 20:27:47,248 [INFO] myrequests: My request Logger
2022-04-22 20:27:55,059 [INFO] myrequests: My request Logger
2022-04-22 20:27:55,071 [INFO] myrequests: After request logger
2022-04-22 20:27:55,079 [INFO] myrequests: My request Logger
2022-04-22 20:27:55,087 [INFO] myrequests: After request logger
2022-04-22 20:27:55,104 [INFO] myrequests: My request Logger
2022-04-22 20:27:59,475 [INFO] myrequests: My request Logger
2022-04-22 20:27:59,484 [INFO] myrequests: After request logger
2022-04-22 20:27:59,509 [INFO] myrequests: My request Logger
2022-04-22 20:28:08,871 [INFO] myrequests: My request Logger
2022-04-22 20:28:09,080 [INFO] myrequests: After request logger
2022-04-22 20:28:09,089 [INFO] myrequests: My request Logger
2022-04-22 20:28:09,095 [INFO] myrequests: After request logger
2022-04-22 20:28:09,130 [INFO] myrequests: My request Logger
2022-04-22 20:28:20,386 [INFO] myrequests: My request Logger
2022-04-22 20:28:20,582 [INFO] myrequests: After request logger
2022-04-22 20:28:20,591 [INFO] myrequests: My request Logger
2022-04-22 20:28:20,606 [INFO] myrequests: After request logger
2022-04-22 20:28:20,655 [INFO] myrequests: My request Logger
2022-04-22 20:28:27,942 [INFO] myrequests: My request Logger
2022-04-22 20:28:27,972 [INFO] myrequests: After request logger
2022-04-22 20:28:27,980 [INFO] myrequests: My request Logger
2022-04-22 20:28:27,987 [INFO] myrequests: After request logger
2022-04-22 20:28:28,005 [INFO] myrequests: My request Logger
2022-04-22 20:28:35,012 [INFO] myrequests: My request Logger
2022-04-22 20:28:35,215 [INFO] myrequests: After request logger
2022-04-22 20:28:35,224 [INFO] myrequests: My request Logger
2022-04-22 20:28:35,241 [INFO] myrequests: After request logger
2022-04-22 20:28:35,278 [INFO] myrequests: My request Logger
2022-04-22 20:28:39,139 [INFO] myrequests: My request Logger
2022-04-22 20:28:39,158 [INFO] myrequests: After request logger
2022-04-22 20:28:39,180 [INFO] myrequests: My request Logger
2022-04-22 20:28:39,199 [INFO] myrequests: My request Logger
2022-04-22 20:28:45,740 [INFO] myrequests: My request Logger
2022-04-22 20:28:45,759 [INFO] myrequests: After request logger
2022-04-22 20:28:45,788 [INFO] myrequests: My request Logger
2022-04-22 20:28:59,303 [INFO] myrequests: My request Logger
2022-04-22 20:28:59,343 [INFO] myrequests: After request logger
2022-04-22 20:28:59,351 [INFO] myrequests: My request Logger
2022-04-22 20:28:59,359 [INFO] myrequests: After request logger
2022-04-22 20:28:59,382 [INFO] myrequests: My request Logger
2022-04-22 20:30:59,087 [INFO] myrequests: My request Logger
2022-04-22 20:30:59,096 [INFO] myrequests: After request logger
2022-04-22 20:30:59,123 [INFO] myrequests: My request Logger
2022-04-22 20:31:00,767 [INFO] myrequests: My request Logger
2022-04-22 20:31:00,777 [INFO] myrequests: After request logger
2022-04-22 20:31:00,797 [INFO] myrequests: My request Logger
2022-04-22 20:31:02,444 [INFO] myrequests: My request Logger
2022-04-22 20:31:02,454 [INFO] myrequests: After request logger
2022-04-22 20:31:02,473 [INFO] myrequests: My request Logger
2022-04-22 20:31:03,986 [INFO] myrequests: My request Logger
2022-04-22 20:31:03,995 [INFO] myrequests: After request logger
2022-04-22 20:31:04,020 [INFO] myrequests: My request Logger
2022-04-22 20:31:05,475 [INFO] myrequests: My request Logger
2022-04-22 20:31:05,484 [INFO] myrequests: After request logger
2022-04-22 20:31:05,506 [INFO] myrequests: My request Logger
2022-04-22 20:31:07,301 [INFO] myrequests: My request Logger
2022-04-22 20:31:07,308 [INFO] myrequests: After request logger
2022-04-22 20:31:07,335 [INFO] myrequests: My request Logger
2022-04-22 20:31:07,692 [INFO] myrequests: My request Logger
2022-04-22 20:31:07,700 [INFO] myrequests: After request logger
2022-04-22 20:31:07,717 [INFO] myrequests: My request Logger
2022-04-22 20:31:07,972 [INFO] myrequests: My request Logger
2022-04-22 20:31:07,981 [INFO] myrequests: After request logger
2022-04-22 20:31:07,999 [INFO] myrequests: My request Logger
2022-04-22 20:31:08,346 [INFO] myrequests: My request Logger
2022-04-22 20:31:08,360 [INFO] myrequests: After request logger
2022-04-22 20:31:08,406 [INFO] myrequests: My request Logger
2022-04-22 20:31:08,708 [INFO] myrequests: My request Logger
2022-04-22 20:31:08,716 [INFO] myrequests: After request logger
2022-04-22 20:31:08,730 [INFO] myrequests: My request Logger
2022-04-22 20:31:09,071 [INFO] myrequests: My request Logger
2022-04-22 20:31:09,079 [INFO] myrequests: After request logger
2022-04-22 20:31:09,096 [INFO] myrequests: My request Logger
2022-04-22 20:31:09,490 [INFO] myrequests: My request Logger
2022-04-22 20:31:09,497 [INFO] myrequests: After request logger
2022-04-22 20:31:09,512 [INFO] myrequests: My request Logger
2022-04-22 20:31:09,855 [INFO] myrequests: My request Logger
2022-04-22 20:31:09,863 [INFO] myrequests: After request logger
2022-04-22 20:31:09,883 [INFO] myrequests: My request Logger
2022-04-22 20:31:10,179 [INFO] myrequests: My request Logger
2022-04-22 20:31:10,186 [INFO] myrequests: After request logger
2022-04-22 20:31:10,201 [INFO] myrequests: My request Logger
2022-04-22 20:31:10,632 [INFO] myrequests: My request Logger
2022-04-22 20:31:10,640 [INFO] myrequests: After request logger
2022-04-22 20:31:10,659 [INFO] myrequests: My request Logger
2022-04-22 20:31:11,016 [INFO] myrequests: My request Logger
2022-04-22 20:31:11,024 [INFO] myrequests: After request logger
2022-04-22 20:31:11,042 [INFO] myrequests: My request Logger
2022-04-22 20:31:11,355 [INFO] myrequests: My request Logger
2022-04-22 20:31:11,363 [INFO] myrequests: After request logger
2022-04-22 20:31:11,388 [INFO] myrequests: My request Logger
2022-04-22 20:31:12,246 [INFO] myrequests: My request Logger
2022-04-22 20:31:12,254 [INFO] myrequests: After request logger
2022-04-22 20:31:12,269 [INFO] myrequests: My request Logger
2022-04-22 20:31:12,548 [INFO] myrequests: My request Logger
2022-04-22 20:31:12,557 [INFO] myrequests: After request logger
2022-04-22 20:31:12,579 [INFO] myrequests: My request Logger
2022-04-22 20:31:12,881 [INFO] myrequests: My request Logger
2022-04-22 20:31:12,889 [INFO] myrequests: After request logger
2022-04-22 20:31:12,906 [INFO] myrequests: My request Logger
2022-04-22 20:31:13,191 [INFO] myrequests: My request Logger
2022-04-22 20:31:13,210 [INFO] myrequests: After request logger
2022-04-22 20:31:13,227 [INFO] myrequests: My request Logger
2022-04-22 20:31:13,509 [INFO] myrequests: My request Logger
2022-04-22 20:31:13,518 [INFO] myrequests: After request logger
2022-04-22 20:31:13,534 [INFO] myrequests: My request Logger
2022-04-22 20:31:13,842 [INFO] myrequests: My request Logger
2022-04-22 20:31:13,852 [INFO] myrequests: After request logger
2022-04-22 20:31:13,873 [INFO] myrequests: My request Logger
2022-04-22 20:31:14,144 [INFO] myrequests: My request Logger
2022-04-22 20:31:14,152 [INFO] myrequests: After request logger
2022-04-22 20:31:14,171 [INFO] myrequests: My request Logger
2022-04-22 20:31:14,441 [INFO] myrequests: My request Logger
2022-04-22 20:31:14,449 [INFO] myrequests: After request logger
2022-04-22 20:31:14,466 [INFO] myrequests: My request Logger
2022-04-22 20:31:15,136 [INFO] myrequests: My request Logger
2022-04-22 20:31:15,146 [INFO] myrequests: After request logger
2022-04-22 20:31:15,174 [INFO] myrequests: My request Logger
2022-04-22 20:31:15,457 [INFO] myrequests: My request Logger
2022-04-22 20:31:15,464 [INFO] myrequests: After request logger
2022-04-22 20:31:15,482 [INFO] myrequests: My request Logger
2022-04-22 20:31:15,732 [INFO] myrequests: My request Logger
2022-04-22 20:31:15,742 [INFO] myrequests: After request logger
2022-04-22 20:31:15,758 [INFO] myrequests: My request Logger
2022-04-22 20:31:16,013 [INFO] myrequests: My request Logger
2022-04-22 20:31:16,031 [INFO] myrequests: After request logger
2022-04-22 20:31:16,046 [INFO] myrequests: My request Logger
2022-04-22 20:31:16,297 [INFO] myrequests: My request Logger
2022-04-22 20:31:16,307 [INFO] myrequests: After request logger
2022-04-22 20:31:16,328 [INFO] myrequests: My request Logger
2022-04-22 20:31:16,562 [INFO] myrequests: My request Logger
2022-04-22 20:31:16,570 [INFO] myrequests: After request logger
2022-04-22 20:31:16,590 [INFO] myrequests: My request Logger
2022-04-22 20:31:17,572 [INFO] myrequests: My request Logger
2022-04-22 20:31:17,581 [INFO] myrequests: After request logger
2022-04-22 20:31:17,605 [INFO] myrequests: My request Logger
2022-04-22 20:31:17,863 [INFO] myrequests: My request Logger
2022-04-22 20:31:17,872 [INFO] myrequests: After request logger
2022-04-22 20:31:17,907 [INFO] myrequests: My request Logger
2022-04-22 20:31:18,157 [INFO] myrequests: My request Logger
2022-04-22 20:31:18,165 [INFO] myrequests: After request logger
2022-04-22 20:31:18,179 [INFO] myrequests: My request Logger
2022-04-22 20:31:18,411 [INFO] myrequests: My request Logger
2022-04-22 20:31:18,419 [INFO] myrequests: After request logger
2022-04-22 20:31:18,438 [INFO] myrequests: My request Logger
2022-04-22 20:31:18,658 [INFO] myrequests: My request Logger
2022-04-22 20:31:18,667 [INFO] myrequests: After request logger
2022-04-22 20:31:18,682 [INFO] myrequests: My request Logger
2022-04-22 20:31:18,914 [INFO] myrequests: My request Logger
2022-04-22 20:31:18,923 [INFO] myrequests: After request logger
2022-04-22 20:31:18,946 [INFO] myrequests: My request Logger
2022-04-22 20:31:19,209 [INFO] myrequests: My request Logger
2022-04-22 20:31:19,216 [INFO] myrequests: After request logger
2022-04-22 20:31:19,231 [INFO] myrequests: My request Logger
2022-04-22 20:31:19,451 [INFO] myrequests: My request Logger
2022-04-22 20:31:19,460 [INFO] myrequests: After request logger
2022-04-22 20:31:19,483 [INFO] myrequests: My request Logger
2022-04-22 20:31:19,810 [INFO] myrequests: My request Logger
2022-04-22 20:31:19,817 [INFO] myrequests: After request logger
2022-04-22 20:31:19,832 [INFO] myrequests: My request Logger
2022-04-22 20:31:20,115 [INFO] myrequests: My request Logger
2022-04-22 20:31:20,124 [INFO] myrequests: After request logger
2022-04-22 20:31:20,142 [INFO] myrequests: My request Logger
2022-04-22 20:31:20,410 [INFO] myrequests: My request Logger
2022-04-22 20:31:20,418 [INFO] myrequests: After request logger
2022-04-22 20:31:20,435 [INFO] myrequests: My request Logger
2022-04-22 20:31:20,706 [INFO] myrequests: My request Logger
2022-04-22 20:31:20,712 [INFO] myrequests: After request logger
2022-04-22 20:31:20,733 [INFO] myrequests: My request Logger
2022-04-22 20:31:20,938 [INFO] myrequests: My request Logger
2022-04-22 20:31:20,946 [INFO] myrequests: After request logger
2022-04-22 20:31:20,962 [INFO] myrequests: My request Logger
2022-04-20 02:03:18,777 [INFO] myrequests: Before request Logger
2022-04-20 02:03:18,943 [INFO] myrequests: After app request logger
2022-04-20 02:03:20,213 [INFO] myrequests: Before request Logger
2022-04-20 02:03:20,231 [INFO] myrequests: After app request logger
2022-04-20 02:03:20,982 [INFO] myrequests: Before request Logger
2022-04-20 02:03:20,998 [INFO] myrequests: After app request logger
2022-04-20 02:14:55,075 [INFO] myrequests: Request logger
2022-04-20 02:14:55,076 [INFO] myrequests: Before request Logger
2022-04-20 02:14:55,221 [INFO] myrequests: After app request logger
2022-04-20 02:14:55,259 [INFO] myrequests: Request logger
2022-04-20 02:14:55,261 [INFO] myrequests: Before request Logger
2022-04-20 02:14:55,262 [INFO] myrequests: After app request logger
2022-04-20 02:14:55,265 [INFO] myrequests: Before request Logger
2022-04-20 02:14:55,431 [INFO] myrequests: After app request logger
2022-04-20 02:14:55,435 [INFO] myrequests: Before request Logger
2022-04-20 02:14:55,453 [INFO] myrequests: After app request logger
2022-04-20 02:14:55,561 [INFO] myrequests: Request logger
2022-04-20 02:14:55,563 [INFO] myrequests: Before request Logger
2022-04-20 02:14:55,705 [INFO] myrequests: After app request logger
2022-04-20 02:14:55,748 [INFO] myrequests: Request logger
2022-04-20 02:14:55,749 [INFO] myrequests: Before request Logger
2022-04-20 02:14:55,893 [INFO] myrequests: After app request logger
2022-04-20 02:14:55,926 [INFO] myrequests: Request logger
2022-04-20 02:14:55,928 [INFO] myrequests: Before request Logger
2022-04-20 02:14:56,075 [INFO] myrequests: After app request logger
2022-04-20 02:14:56,256 [INFO] myrequests: Request logger
2022-04-20 02:14:56,257 [INFO] myrequests: Before request Logger
2022-04-20 02:14:56,401 [INFO] myrequests: After app request logger
2022-04-20 02:14:56,438 [INFO] myrequests: Request logger
2022-04-20 02:14:56,440 [INFO] myrequests: Before request Logger
2022-04-20 02:14:56,579 [INFO] myrequests: After app request logger
2022-04-20 02:14:56,614 [INFO] myrequests: Request logger
2022-04-20 02:14:56,615 [INFO] myrequests: Before request Logger
2022-04-20 02:14:56,754 [INFO] myrequests: After app request logger
2022-04-20 02:14:56,788 [INFO] myrequests: Request logger
2022-04-20 02:14:56,789 [INFO] myrequests: Before request Logger
2022-04-20 02:14:56,926 [INFO] myrequests: After app request logger
2022-04-20 02:14:56,964 [INFO] myrequests: Request logger
2022-04-20 02:14:56,965 [INFO] myrequests: Before request Logger
2022-04-20 02:14:57,102 [INFO] myrequests: After app request logger
2022-04-20 02:17:07,262 [INFO] myrequests: Request logger
2022-04-20 02:17:07,263 [INFO] myrequests: Before request Logger
2022-04-20 02:17:07,406 [INFO] myrequests: After app request logger
2022-04-20 02:17:07,440 [INFO] myrequests: Request logger
2022-04-20 02:17:07,441 [INFO] myrequests: Before request Logger
2022-04-20 02:17:07,443 [INFO] myrequests: After app request logger
2022-04-20 02:17:07,446 [INFO] myrequests: Before request Logger
2022-04-20 02:17:07,588 [INFO] myrequests: After app request logger
2022-04-20 02:17:07,592 [INFO] myrequests: Before request Logger
2022-04-20 02:17:07,606 [INFO] myrequests: After app request logger
2022-04-20 02:17:07,708 [INFO] myrequests: Request logger
2022-04-20 02:17:07,709 [INFO] myrequests: Before request Logger
2022-04-20 02:17:07,848 [INFO] myrequests: After app request logger
2022-04-20 02:17:07,882 [INFO] myrequests: Request logger
2022-04-20 02:17:07,883 [INFO] myrequests: Before request Logger
2022-04-20 02:17:08,022 [INFO] myrequests: After app request logger
2022-04-20 02:17:08,056 [INFO] myrequests: Request logger
2022-04-20 02:17:08,057 [INFO] myrequests: Before request Logger
2022-04-20 02:17:08,197 [INFO] myrequests: After app request logger
2022-04-20 02:17:08,254 [INFO] myrequests: Request logger
2022-04-20 02:17:08,255 [INFO] myrequests: Before request Logger
2022-04-20 02:17:08,452 [INFO] myrequests: After app request logger
2022-04-20 02:17:08,483 [INFO] myrequests: Request logger
2022-04-20 02:17:08,484 [INFO] myrequests: Before request Logger
2022-04-20 02:17:08,624 [INFO] myrequests: After app request logger
2022-04-20 02:17:08,665 [INFO] myrequests: Request logger
2022-04-20 02:17:08,666 [INFO] myrequests: Before request Logger
2022-04-20 02:17:08,806 [INFO] myrequests: After app request logger
2022-04-20 02:17:08,838 [INFO] myrequests: Request logger
2022-04-20 02:17:08,840 [INFO] myrequests: Before request Logger
2022-04-20 02:17:08,978 [INFO] myrequests: After app request logger
2022-04-20 02:17:09,012 [INFO] myrequests: Request logger
2022-04-20 02:17:09,013 [INFO] myrequests: Before request Logger
2022-04-20 02:17:09,153 [INFO] myrequests: After app request logger
2022-04-20 02:21:17,573 [INFO] myrequests: Request logger
2022-04-20 02:21:17,574 [INFO] myrequests: Before request Logger
2022-04-20 02:21:17,718 [INFO] myrequests: After app request logger
2022-04-20 02:21:17,758 [INFO] myrequests: Request logger
2022-04-20 02:21:17,759 [INFO] myrequests: Before request Logger
2022-04-20 02:21:17,761 [INFO] myrequests: After app request logger
2022-04-20 02:21:17,764 [INFO] myrequests: Before request Logger
2022-04-20 02:21:17,904 [INFO] myrequests: After app request logger
2022-04-20 02:21:17,908 [INFO] myrequests: Before request Logger
2022-04-20 02:21:17,921 [INFO] myrequests: After app request logger
2022-04-20 02:21:18,025 [INFO] myrequests: Request logger
2022-04-20 02:21:18,026 [INFO] myrequests: Before request Logger
2022-04-20 02:21:18,181 [INFO] myrequests: After app request logger
2022-04-20 02:21:18,214 [INFO] myrequests: Request logger
2022-04-20 02:21:18,215 [INFO] myrequests: Before request Logger
2022-04-20 02:21:18,369 [INFO] myrequests: After app request logger
2022-04-20 02:21:18,401 [INFO] myrequests: Request logger
2022-04-20 02:21:18,403 [INFO] myrequests: Before request Logger
2022-04-20 02:21:18,546 [INFO] myrequests: After app request logger
2022-04-20 02:21:18,768 [INFO] myrequests: Request logger
2022-04-20 02:21:18,769 [INFO] myrequests: Before request Logger
2022-04-20 02:21:18,911 [INFO] myrequests: After app request logger
2022-04-20 02:21:18,947 [INFO] myrequests: Request logger
2022-04-20 02:21:18,949 [INFO] myrequests: Before request Logger
2022-04-20 02:21:19,088 [INFO] myrequests: After app request logger
2022-04-20 02:21:19,124 [INFO] myrequests: Request logger
2022-04-20 02:21:19,125 [INFO] myrequests: Before request Logger
2022-04-20 02:21:19,263 [INFO] myrequests: After app request logger
2022-04-20 02:21:19,296 [INFO] myrequests: Request logger
2022-04-20 02:21:19,297 [INFO] myrequests: Before request Logger
2022-04-20 02:21:19,444 [INFO] myrequests: After app request logger
2022-04-20 02:21:19,482 [INFO] myrequests: Request logger
2022-04-20 02:21:19,483 [INFO] myrequests: Before request Logger
2022-04-20 02:21:19,629 [INFO] myrequests: After app request logger
2022-04-20 02:21:52,121 [INFO] myrequests: Request logger
2022-04-20 02:21:52,123 [INFO] myrequests: Before request Logger
2022-04-20 02:21:52,278 [INFO] myrequests: After app request logger
2022-04-20 02:21:52,311 [INFO] myrequests: Request logger
2022-04-20 02:21:52,312 [INFO] myrequests: Before request Logger
2022-04-20 02:21:52,314 [INFO] myrequests: After app request logger
2022-04-20 02:21:52,317 [INFO] myrequests: Before request Logger
2022-04-20 02:21:52,458 [INFO] myrequests: After app request logger
2022-04-20 02:21:52,461 [INFO] myrequests: Before request Logger
2022-04-20 02:21:52,475 [INFO] myrequests: After app request logger
2022-04-20 02:21:52,616 [INFO] myrequests: Request logger
2022-04-20 02:21:52,617 [INFO] myrequests: Before request Logger
2022-04-20 02:21:52,757 [INFO] myrequests: After app request logger
2022-04-20 02:21:52,791 [INFO] myrequests: Request logger
2022-04-20 02:21:52,792 [INFO] myrequests: Before request Logger
2022-04-20 02:21:52,934 [INFO] myrequests: After app request logger
2022-04-20 02:21:52,976 [INFO] myrequests: Request logger
2022-04-20 02:21:52,977 [INFO] myrequests: Before request Logger
2022-04-20 02:21:53,126 [INFO] myrequests: After app request logger
2022-04-20 02:21:53,216 [INFO] myrequests: Request logger
2022-04-20 02:21:53,217 [INFO] myrequests: Before request Logger
2022-04-20 02:21:53,366 [INFO] myrequests: After app request logger
2022-04-20 02:21:53,403 [INFO] myrequests: Request logger
2022-04-20 02:21:53,404 [INFO] myrequests: Before request Logger
2022-04-20 02:21:53,549 [INFO] myrequests: After app request logger
2022-04-20 02:21:53,584 [INFO] myrequests: Request logger
2022-04-20 02:21:53,585 [INFO] myrequests: Before request Logger
2022-04-20 02:21:53,723 [INFO] myrequests: After app request logger
2022-04-20 02:21:53,756 [INFO] myrequests: Request logger
2022-04-20 02:21:53,757 [INFO] myrequests: Before request Logger
2022-04-20 02:21:53,897 [INFO] myrequests: After app request logger
2022-04-20 02:21:53,936 [INFO] myrequests: Request logger
2022-04-20 02:21:53,938 [INFO] myrequests: Before request Logger
2022-04-20 02:21:54,075 [INFO] myrequests: After app request logger
2022-04-20 02:22:03,440 [INFO] myrequests: Request logger
2022-04-20 02:22:03,441 [INFO] myrequests: Before request Logger
2022-04-20 02:22:03,682 [INFO] myrequests: After app request logger
2022-04-20 02:22:03,726 [INFO] myrequests: Request logger
2022-04-20 02:22:03,728 [INFO] myrequests: Before request Logger
2022-04-20 02:22:03,730 [INFO] myrequests: After app request logger
2022-04-20 02:22:03,734 [INFO] myrequests: Before request Logger
2022-04-20 02:22:03,961 [INFO] myrequests: After app request logger
2022-04-20 02:22:03,965 [INFO] myrequests: Before request Logger
2022-04-20 02:22:03,985 [INFO] myrequests: After app request logger
2022-04-20 02:22:04,123 [INFO] myrequests: Request logger
2022-04-20 02:22:04,125 [INFO] myrequests: Before request Logger
2022-04-20 02:22:04,362 [INFO] myrequests: After app request logger
2022-04-20 02:22:04,404 [INFO] myrequests: Request logger
2022-04-20 02:22:04,406 [INFO] myrequests: Before request Logger
2022-04-20 02:22:04,633 [INFO] myrequests: After app request logger
2022-04-20 02:22:04,673 [INFO] myrequests: Request logger
2022-04-20 02:22:04,674 [INFO] myrequests: Before request Logger
2022-04-20 02:22:04,899 [INFO] myrequests: After app request logger
2022-04-20 02:22:04,974 [INFO] myrequests: Request logger
2022-04-20 02:22:04,975 [INFO] myrequests: Before request Logger
2022-04-20 02:22:05,201 [INFO] myrequests: After app request logger
2022-04-20 02:22:05,257 [INFO] myrequests: Request logger
2022-04-20 02:22:05,258 [INFO] myrequests: Before request Logger
2022-04-20 02:22:05,499 [INFO] myrequests: After app request logger
2022-04-20 02:22:05,541 [INFO] myrequests: Request logger
2022-04-20 02:22:05,542 [INFO] myrequests: Before request Logger
2022-04-20 02:22:05,766 [INFO] myrequests: After app request logger
2022-04-20 02:22:05,808 [INFO] myrequests: Request logger
2022-04-20 02:22:05,809 [INFO] myrequests: Before request Logger
2022-04-20 02:22:06,033 [INFO] myrequests: After app request logger
2022-04-20 02:22:06,076 [INFO] myrequests: Request logger
2022-04-20 02:22:06,077 [INFO] myrequests: Before request Logger
2022-04-20 02:22:06,305 [INFO] myrequests: After app request logger
